Login successfully
Login :admin
Server   :http://localhost/devsp12
Database :Dev11Sp12
Updating the list of Packages for target database 
Expanding the list of existing packages
Start of importing packages
start of execution : 09/21/2018 18:13:46
Updating tltc.cad.integration to 'inprogress' release status
       ****Import with merge option tltc.cad.integration****
Processing (add)   id : 83E142DEDB53411BB3B6709FF0932477    keyed_name : CADIntegration_GetItemtypeDataBy    type : Method  
********** Start of reference checking ************
<Item type='ItemType' action='get' select='id'><name>Method</name><Relationships><Item type='Property' action='get' select='name'/><Item type='RelationshipType' action='get' select='name'/></Relationships></Item>
  was obtained from server
************* End of reference checking ************
Item successfully applied(add)   id : 83E142DEDB53411BB3B6709FF0932477    keyed_name : CADIntegration_GetItemtypeDataBy    type : Method  
Adding item into PackageDefinition with id = 51464950062E474FB87DCF96B1FC102B and type = Method
Getting config_id  of versionable item  id  51464950062E474FB87DCF96B1FC102B type Method
Item already exist in packdefinition  id  83E142DEDB53411BB3B6709FF0932477 type Method
Processing (add)   id : 5A3F83F3C00840DF80AC48B086B84F40    keyed_name : CADIntegration_SystemSetting    type : Method  
********** Start of reference checking ************
<Item type='ItemType' action='get' select='id'><name>Method</name><Relationships><Item type='Property' action='get' select='name'/><Item type='RelationshipType' action='get' select='name'/></Relationships></Item>
  was obtained from cache
************* End of reference checking ************
Item successfully applied(add)   id : 5A3F83F3C00840DF80AC48B086B84F40    keyed_name : CADIntegration_SystemSetting    type : Method  
Adding item into PackageDefinition with id = 690C12330B1148E6B6857C51A354AD6D and type = Method
Getting config_id  of versionable item  id  690C12330B1148E6B6857C51A354AD6D type Method
Item already exist in packdefinition  id  5A3F83F3C00840DF80AC48B086B84F40 type Method
Processing (add)   id : A1086CBA750244FABF09F0150C6080A4    keyed_name : CADIntegration_SystemSettingForm    type : Method  
********** Start of reference checking ************
<Item type='ItemType' action='get' select='id'><name>Method</name><Relationships><Item type='Property' action='get' select='name'/><Item type='RelationshipType' action='get' select='name'/></Relationships></Item>
  was obtained from cache
************* End of reference checking ************
Item successfully applied(add)   id : A1086CBA750244FABF09F0150C6080A4    keyed_name : CADIntegration_SystemSettingForm    type : Method  
Adding item into PackageDefinition with id = 9020E833AC3A4F3F9D98915C45237B92 and type = Method
Getting config_id  of versionable item  id  9020E833AC3A4F3F9D98915C45237B92 type Method
Item already exist in packdefinition  id  A1086CBA750244FABF09F0150C6080A4 type Method
Processing (add)   id : 046401394A4C4BFE99C1B06A0DB58330    keyed_name : tltcGetItemNumber    type : Method  
********** Start of reference checking ************
<Item type='ItemType' action='get' select='id'><name>Method</name><Relationships><Item type='Property' action='get' select='name'/><Item type='RelationshipType' action='get' select='name'/></Relationships></Item>
  was obtained from cache
************* End of reference checking ************
Item successfully applied(add)   id : 046401394A4C4BFE99C1B06A0DB58330    keyed_name : tltcGetItemNumber    type : Method  
Adding item into PackageDefinition with id = C1370EA309454A4C802F8A8EDB178E46 and type = Method
Getting config_id  of versionable item  id  C1370EA309454A4C802F8A8EDB178E46 type Method
Item already exist in packdefinition  id  046401394A4C4BFE99C1B06A0DB58330 type Method
Processing (add)   id : 36EA18C4E531493AA0A3EC99C710DDB8    keyed_name : CADIntegration_SystemSetting    type : Form  
********** Start of reference checking ************
checking item with get action:<Item type="Method" action="get" select="id"><name>CADIntegration_SystemSetting</name></Item>
-> was obtained from server
checking item with get action:<Item type="Method" action="get" select="id"><name>CADIntegration_SystemSettingForm</name></Item>
-> was obtained from server
<Item type='ItemType' action='get' select='id'><name>Form</name><Relationships><Item type='Property' action='get' select='name'/><Item type='RelationshipType' action='get' select='name'/></Relationships></Item>
  was obtained from server
<Item type='ItemType' action='get' select='id'><name>Body</name><Relationships><Item type='Property' action='get' select='name'/><Item type='RelationshipType' action='get' select='name'/></Relationships></Item>
  was obtained from server
<Item type='ItemType' action='get' select='id'><name>Field</name><Relationships><Item type='Property' action='get' select='name'/><Item type='RelationshipType' action='get' select='name'/></Relationships></Item>
  was obtained from server
<Item type='ItemType' action='get' select='id'><name>Field</name><Relationships><Item type='Property' action='get' select='name'/><Item type='RelationshipType' action='get' select='name'/></Relationships></Item>
  was obtained from cache
<Item type='ItemType' action='get' select='id'><name>Field Event</name><Relationships><Item type='Property' action='get' select='name'/><Item type='RelationshipType' action='get' select='name'/></Relationships></Item>
  was obtained from server
<Item type='ItemType' action='get' select='id'><name>Field</name><Relationships><Item type='Property' action='get' select='name'/><Item type='RelationshipType' action='get' select='name'/></Relationships></Item>
  was obtained from cache
<Item type='ItemType' action='get' select='id'><name>Field</name><Relationships><Item type='Property' action='get' select='name'/><Item type='RelationshipType' action='get' select='name'/></Relationships></Item>
  was obtained from cache
<Item type='ItemType' action='get' select='id'><name>Field</name><Relationships><Item type='Property' action='get' select='name'/><Item type='RelationshipType' action='get' select='name'/></Relationships></Item>
  was obtained from cache
<Item type='ItemType' action='get' select='id'><name>Field</name><Relationships><Item type='Property' action='get' select='name'/><Item type='RelationshipType' action='get' select='name'/></Relationships></Item>
  was obtained from cache
<Item type='ItemType' action='get' select='id'><name>Field</name><Relationships><Item type='Property' action='get' select='name'/><Item type='RelationshipType' action='get' select='name'/></Relationships></Item>
  was obtained from cache
<Item type='ItemType' action='get' select='id'><name>Field</name><Relationships><Item type='Property' action='get' select='name'/><Item type='RelationshipType' action='get' select='name'/></Relationships></Item>
  was obtained from cache
<Item type='ItemType' action='get' select='id'><name>Field</name><Relationships><Item type='Property' action='get' select='name'/><Item type='RelationshipType' action='get' select='name'/></Relationships></Item>
  was obtained from cache
<Item type='ItemType' action='get' select='id'><name>Field</name><Relationships><Item type='Property' action='get' select='name'/><Item type='RelationshipType' action='get' select='name'/></Relationships></Item>
  was obtained from cache
<Item type='ItemType' action='get' select='id'><name>Field</name><Relationships><Item type='Property' action='get' select='name'/><Item type='RelationshipType' action='get' select='name'/></Relationships></Item>
  was obtained from cache
<Item type='ItemType' action='get' select='id'><name>Field</name><Relationships><Item type='Property' action='get' select='name'/><Item type='RelationshipType' action='get' select='name'/></Relationships></Item>
  was obtained from cache
<Item type='ItemType' action='get' select='id'><name>Field</name><Relationships><Item type='Property' action='get' select='name'/><Item type='RelationshipType' action='get' select='name'/></Relationships></Item>
  was obtained from cache
<Item type='ItemType' action='get' select='id'><name>Field</name><Relationships><Item type='Property' action='get' select='name'/><Item type='RelationshipType' action='get' select='name'/></Relationships></Item>
  was obtained from cache
<Item type='ItemType' action='get' select='id'><name>Field</name><Relationships><Item type='Property' action='get' select='name'/><Item type='RelationshipType' action='get' select='name'/></Relationships></Item>
  was obtained from cache
<Item type='ItemType' action='get' select='id'><name>Field</name><Relationships><Item type='Property' action='get' select='name'/><Item type='RelationshipType' action='get' select='name'/></Relationships></Item>
  was obtained from cache
<Item type='ItemType' action='get' select='id'><name>Field</name><Relationships><Item type='Property' action='get' select='name'/><Item type='RelationshipType' action='get' select='name'/></Relationships></Item>
  was obtained from cache
<Item type='ItemType' action='get' select='id'><name>Field</name><Relationships><Item type='Property' action='get' select='name'/><Item type='RelationshipType' action='get' select='name'/></Relationships></Item>
  was obtained from cache
<Item type='ItemType' action='get' select='id'><name>Field</name><Relationships><Item type='Property' action='get' select='name'/><Item type='RelationshipType' action='get' select='name'/></Relationships></Item>
  was obtained from cache
<Item type='ItemType' action='get' select='id'><name>Field</name><Relationships><Item type='Property' action='get' select='name'/><Item type='RelationshipType' action='get' select='name'/></Relationships></Item>
  was obtained from cache
<Item type='ItemType' action='get' select='id'><name>Field</name><Relationships><Item type='Property' action='get' select='name'/><Item type='RelationshipType' action='get' select='name'/></Relationships></Item>
  was obtained from cache
<Item type='ItemType' action='get' select='id'><name>Field</name><Relationships><Item type='Property' action='get' select='name'/><Item type='RelationshipType' action='get' select='name'/></Relationships></Item>
  was obtained from cache
<Item type='ItemType' action='get' select='id'><name>Field</name><Relationships><Item type='Property' action='get' select='name'/><Item type='RelationshipType' action='get' select='name'/></Relationships></Item>
  was obtained from cache
<Item type='ItemType' action='get' select='id'><name>Field</name><Relationships><Item type='Property' action='get' select='name'/><Item type='RelationshipType' action='get' select='name'/></Relationships></Item>
  was obtained from cache
<Item type='ItemType' action='get' select='id'><name>Field</name><Relationships><Item type='Property' action='get' select='name'/><Item type='RelationshipType' action='get' select='name'/></Relationships></Item>
  was obtained from cache
<Item type='ItemType' action='get' select='id'><name>Field</name><Relationships><Item type='Property' action='get' select='name'/><Item type='RelationshipType' action='get' select='name'/></Relationships></Item>
  was obtained from cache
<Item type='ItemType' action='get' select='id'><name>Field</name><Relationships><Item type='Property' action='get' select='name'/><Item type='RelationshipType' action='get' select='name'/></Relationships></Item>
  was obtained from cache
<Item type='ItemType' action='get' select='id'><name>Field</name><Relationships><Item type='Property' action='get' select='name'/><Item type='RelationshipType' action='get' select='name'/></Relationships></Item>
  was obtained from cache
<Item type='ItemType' action='get' select='id'><name>Field</name><Relationships><Item type='Property' action='get' select='name'/><Item type='RelationshipType' action='get' select='name'/></Relationships></Item>
  was obtained from cache
<Item type='ItemType' action='get' select='id'><name>Form Event</name><Relationships><Item type='Property' action='get' select='name'/><Item type='RelationshipType' action='get' select='name'/></Relationships></Item>
  was obtained from server
************* End of reference checking ************
Item successfully applied(add)   id : 36EA18C4E531493AA0A3EC99C710DDB8    keyed_name : CADIntegration_SystemSetting    type : Form          ****ErrorMessage****
       無效的物件名稱 'CAD_CONFIGURATION_LIST'。
          ********************
Start of importing packages
start of execution : 09/21/2018 18:16:15
Updating tltc.cad.integration to 'inprogress' release status
       ****Import with merge option tltc.cad.integration****
Processing (add)   id : 83E142DEDB53411BB3B6709FF0932477    keyed_name : CADIntegration_GetItemtypeDataBy    type : Method  
********** Start of reference checking ************
<Item type='ItemType' action='get' select='id'><name>Method</name><Relationships><Item type='Property' action='get' select='name'/><Item type='RelationshipType' action='get' select='name'/></Relationships></Item>
  was obtained from cache
************* End of reference checking ************
Item successfully applied(add)   id : 83E142DEDB53411BB3B6709FF0932477    keyed_name : CADIntegration_GetItemtypeDataBy    type : Method  
Adding item into PackageDefinition with id = A46B5C2BE4D14E85933C02E16C7E0C04 and type = Method
Getting config_id  of versionable item  id  A46B5C2BE4D14E85933C02E16C7E0C04 type Method
Item already exist in packdefinition  id  83E142DEDB53411BB3B6709FF0932477 type Method
Processing (add)   id : 5A3F83F3C00840DF80AC48B086B84F40    keyed_name : CADIntegration_SystemSetting    type : Method  
********** Start of reference checking ************
<Item type='ItemType' action='get' select='id'><name>Method</name><Relationships><Item type='Property' action='get' select='name'/><Item type='RelationshipType' action='get' select='name'/></Relationships></Item>
  was obtained from cache
************* End of reference checking ************
Item successfully applied(add)   id : 5A3F83F3C00840DF80AC48B086B84F40    keyed_name : CADIntegration_SystemSetting    type : Method  
Adding item into PackageDefinition with id = CF97FCD42EE0460995FBF4DE6E37A164 and type = Method
Getting config_id  of versionable item  id  CF97FCD42EE0460995FBF4DE6E37A164 type Method
Item already exist in packdefinition  id  5A3F83F3C00840DF80AC48B086B84F40 type Method
Processing (add)   id : A1086CBA750244FABF09F0150C6080A4    keyed_name : CADIntegration_SystemSettingForm    type : Method  
********** Start of reference checking ************
<Item type='ItemType' action='get' select='id'><name>Method</name><Relationships><Item type='Property' action='get' select='name'/><Item type='RelationshipType' action='get' select='name'/></Relationships></Item>
  was obtained from cache
************* End of reference checking ************
Item successfully applied(add)   id : A1086CBA750244FABF09F0150C6080A4    keyed_name : CADIntegration_SystemSettingForm    type : Method  
Adding item into PackageDefinition with id = F97C8730CC2D4973ABA3EBBF1A109025 and type = Method
Getting config_id  of versionable item  id  F97C8730CC2D4973ABA3EBBF1A109025 type Method
Item already exist in packdefinition  id  A1086CBA750244FABF09F0150C6080A4 type Method
Processing (add)   id : 046401394A4C4BFE99C1B06A0DB58330    keyed_name : tltcGetItemNumber    type : Method  
********** Start of reference checking ************
<Item type='ItemType' action='get' select='id'><name>Method</name><Relationships><Item type='Property' action='get' select='name'/><Item type='RelationshipType' action='get' select='name'/></Relationships></Item>
  was obtained from cache
************* End of reference checking ************
Item successfully applied(add)   id : 046401394A4C4BFE99C1B06A0DB58330    keyed_name : tltcGetItemNumber    type : Method  
Adding item into PackageDefinition with id = 6642787CAF484A5B8BBF65853BC61450 and type = Method
Getting config_id  of versionable item  id  6642787CAF484A5B8BBF65853BC61450 type Method
Item already exist in packdefinition  id  046401394A4C4BFE99C1B06A0DB58330 type Method
Processing (add)   id : 36EA18C4E531493AA0A3EC99C710DDB8    keyed_name : CADIntegration_SystemSetting    type : Form  
********** Start of reference checking ************
checking item with get action:<Item type="Method" action="get" select="id"><name>CADIntegration_SystemSetting</name></Item>
-> was obtained from cache
checking item with get action:<Item type="Method" action="get" select="id"><name>CADIntegration_SystemSettingForm</name></Item>
-> was obtained from cache
<Item type='ItemType' action='get' select='id'><name>Form</name><Relationships><Item type='Property' action='get' select='name'/><Item type='RelationshipType' action='get' select='name'/></Relationships></Item>
  was obtained from cache
<Item type='ItemType' action='get' select='id'><name>Body</name><Relationships><Item type='Property' action='get' select='name'/><Item type='RelationshipType' action='get' select='name'/></Relationships></Item>
  was obtained from cache
<Item type='ItemType' action='get' select='id'><name>Field</name><Relationships><Item type='Property' action='get' select='name'/><Item type='RelationshipType' action='get' select='name'/></Relationships></Item>
  was obtained from cache
<Item type='ItemType' action='get' select='id'><name>Field</name><Relationships><Item type='Property' action='get' select='name'/><Item type='RelationshipType' action='get' select='name'/></Relationships></Item>
  was obtained from cache
<Item type='ItemType' action='get' select='id'><name>Field Event</name><Relationships><Item type='Property' action='get' select='name'/><Item type='RelationshipType' action='get' select='name'/></Relationships></Item>
  was obtained from cache
<Item type='ItemType' action='get' select='id'><name>Field</name><Relationships><Item type='Property' action='get' select='name'/><Item type='RelationshipType' action='get' select='name'/></Relationships></Item>
  was obtained from cache
<Item type='ItemType' action='get' select='id'><name>Field</name><Relationships><Item type='Property' action='get' select='name'/><Item type='RelationshipType' action='get' select='name'/></Relationships></Item>
  was obtained from cache
<Item type='ItemType' action='get' select='id'><name>Field</name><Relationships><Item type='Property' action='get' select='name'/><Item type='RelationshipType' action='get' select='name'/></Relationships></Item>
  was obtained from cache
<Item type='ItemType' action='get' select='id'><name>Field</name><Relationships><Item type='Property' action='get' select='name'/><Item type='RelationshipType' action='get' select='name'/></Relationships></Item>
  was obtained from cache
<Item type='ItemType' action='get' select='id'><name>Field</name><Relationships><Item type='Property' action='get' select='name'/><Item type='RelationshipType' action='get' select='name'/></Relationships></Item>
  was obtained from cache
<Item type='ItemType' action='get' select='id'><name>Field</name><Relationships><Item type='Property' action='get' select='name'/><Item type='RelationshipType' action='get' select='name'/></Relationships></Item>
  was obtained from cache
<Item type='ItemType' action='get' select='id'><name>Field</name><Relationships><Item type='Property' action='get' select='name'/><Item type='RelationshipType' action='get' select='name'/></Relationships></Item>
  was obtained from cache
<Item type='ItemType' action='get' select='id'><name>Field</name><Relationships><Item type='Property' action='get' select='name'/><Item type='RelationshipType' action='get' select='name'/></Relationships></Item>
  was obtained from cache
<Item type='ItemType' action='get' select='id'><name>Field</name><Relationships><Item type='Property' action='get' select='name'/><Item type='RelationshipType' action='get' select='name'/></Relationships></Item>
  was obtained from cache
<Item type='ItemType' action='get' select='id'><name>Field</name><Relationships><Item type='Property' action='get' select='name'/><Item type='RelationshipType' action='get' select='name'/></Relationships></Item>
  was obtained from cache
<Item type='ItemType' action='get' select='id'><name>Field</name><Relationships><Item type='Property' action='get' select='name'/><Item type='RelationshipType' action='get' select='name'/></Relationships></Item>
  was obtained from cache
<Item type='ItemType' action='get' select='id'><name>Field</name><Relationships><Item type='Property' action='get' select='name'/><Item type='RelationshipType' action='get' select='name'/></Relationships></Item>
  was obtained from cache
<Item type='ItemType' action='get' select='id'><name>Field</name><Relationships><Item type='Property' action='get' select='name'/><Item type='RelationshipType' action='get' select='name'/></Relationships></Item>
  was obtained from cache
<Item type='ItemType' action='get' select='id'><name>Field</name><Relationships><Item type='Property' action='get' select='name'/><Item type='RelationshipType' action='get' select='name'/></Relationships></Item>
  was obtained from cache
<Item type='ItemType' action='get' select='id'><name>Field</name><Relationships><Item type='Property' action='get' select='name'/><Item type='RelationshipType' action='get' select='name'/></Relationships></Item>
  was obtained from cache
<Item type='ItemType' action='get' select='id'><name>Field</name><Relationships><Item type='Property' action='get' select='name'/><Item type='RelationshipType' action='get' select='name'/></Relationships></Item>
  was obtained from cache
<Item type='ItemType' action='get' select='id'><name>Field</name><Relationships><Item type='Property' action='get' select='name'/><Item type='RelationshipType' action='get' select='name'/></Relationships></Item>
  was obtained from cache
<Item type='ItemType' action='get' select='id'><name>Field</name><Relationships><Item type='Property' action='get' select='name'/><Item type='RelationshipType' action='get' select='name'/></Relationships></Item>
  was obtained from cache
<Item type='ItemType' action='get' select='id'><name>Field</name><Relationships><Item type='Property' action='get' select='name'/><Item type='RelationshipType' action='get' select='name'/></Relationships></Item>
  was obtained from cache
<Item type='ItemType' action='get' select='id'><name>Field</name><Relationships><Item type='Property' action='get' select='name'/><Item type='RelationshipType' action='get' select='name'/></Relationships></Item>
  was obtained from cache
<Item type='ItemType' action='get' select='id'><name>Field</name><Relationships><Item type='Property' action='get' select='name'/><Item type='RelationshipType' action='get' select='name'/></Relationships></Item>
  was obtained from cache
<Item type='ItemType' action='get' select='id'><name>Field</name><Relationships><Item type='Property' action='get' select='name'/><Item type='RelationshipType' action='get' select='name'/></Relationships></Item>
  was obtained from cache
<Item type='ItemType' action='get' select='id'><name>Field</name><Relationships><Item type='Property' action='get' select='name'/><Item type='RelationshipType' action='get' select='name'/></Relationships></Item>
  was obtained from cache
<Item type='ItemType' action='get' select='id'><name>Field</name><Relationships><Item type='Property' action='get' select='name'/><Item type='RelationshipType' action='get' select='name'/></Relationships></Item>
  was obtained from cache
<Item type='ItemType' action='get' select='id'><name>Field</name><Relationships><Item type='Property' action='get' select='name'/><Item type='RelationshipType' action='get' select='name'/></Relationships></Item>
  was obtained from cache
<Item type='ItemType' action='get' select='id'><name>Field</name><Relationships><Item type='Property' action='get' select='name'/><Item type='RelationshipType' action='get' select='name'/></Relationships></Item>
  was obtained from cache
<Item type='ItemType' action='get' select='id'><name>Field</name><Relationships><Item type='Property' action='get' select='name'/><Item type='RelationshipType' action='get' select='name'/></Relationships></Item>
  was obtained from cache
<Item type='ItemType' action='get' select='id'><name>Form Event</name><Relationships><Item type='Property' action='get' select='name'/><Item type='RelationshipType' action='get' select='name'/></Relationships></Item>
  was obtained from cache
************* End of reference checking ************
Item successfully applied(add)   id : 36EA18C4E531493AA0A3EC99C710DDB8    keyed_name : CADIntegration_SystemSetting    type : Form  
Addi          ****ErrorMessage****
       無效的物件名稱 'CAD_CONFIGURATION_LIST'。
          ********************
Login successfully
Login :admin
Server   :http://localhost/devsp12
Database :Dev11Sp12
Updating the list of Packages for target database 
Expanding the list of existing packages
Start of importing packages
start of execution : 09/21/2018 18:16:26
Updating tltc.cad.integration to 'inprogress' release status
       ****Import with merge option tltc.cad.integration****
Processing (add)   id : 83E142DEDB53411BB3B6709FF0932477    keyed_name : CADIntegration_GetItemtypeDataBy    type : Method  
********** Start of reference checking ************
<Item type='ItemType' action='get' select='id'><name>Method</name><Relationships><Item type='Property' action='get' select='name'/><Item type='RelationshipType' action='get' select='name'/></Relationships></Item>
  was obtained from server
************* End of reference checking ************
Item successfully applied(add)   id : 83E142DEDB53411BB3B6709FF0932477    keyed_name : CADIntegration_GetItemtypeDataBy    type : Method  
Adding item into PackageDefinition with id = D98DF4D4B735436A8E6C783F405D4AD8 and type = Method
Getting config_id  of versionable item  id  D98DF4D4B735436A8E6C783F405D4AD8 type Method
Item already exist in packdefinition  id  83E142DEDB53411BB3B6709FF0932477 type Method
Processing (add)   id : 5A3F83F3C00840DF80AC48B086B84F40    keyed_name : CADIntegration_SystemSetting    type : Method  
********** Start of reference checking ************
<Item type='ItemType' action='get' select='id'><name>Method</name><Relationships><Item type='Property' action='get' select='name'/><Item type='RelationshipType' action='get' select='name'/></Relationships></Item>
  was obtained from cache
************* End of reference checking ************
Item successfully applied(add)   id : 5A3F83F3C00840DF80AC48B086B84F40    keyed_name : CADIntegration_SystemSetting    type : Method  
Adding item into PackageDefinition with id = 1EE4D901910C46999920F733AE009DE5 and type = Method
Getting config_id  of versionable item  id  1EE4D901910C46999920F733AE009DE5 type Method
Item already exist in packdefinition  id  5A3F83F3C00840DF80AC48B086B84F40 type Method
Processing (add)   id : A1086CBA750244FABF09F0150C6080A4    keyed_name : CADIntegration_SystemSettingForm    type : Method  
********** Start of reference checking ************
<Item type='ItemType' action='get' select='id'><name>Method</name><Relationships><Item type='Property' action='get' select='name'/><Item type='RelationshipType' action='get' select='name'/></Relationships></Item>
  was obtained from cache
************* End of reference checking ************
Item successfully applied(add)   id : A1086CBA750244FABF09F0150C6080A4    keyed_name : CADIntegration_SystemSettingForm    type : Method  
Adding item into PackageDefinition with id = 9ED0F79B80744DC4A84209D0B6113641 and type = Method
Getting config_id  of versionable item  id  9ED0F79B80744DC4A84209D0B6113641 type Method
Item already exist in packdefinition  id  A1086CBA750244FABF09F0150C6080A4 type Method
Processing (add)   id : 046401394A4C4BFE99C1B06A0DB58330    keyed_name : tltcGetItemNumber    type : Method  
********** Start of reference checking ************
<Item type='ItemType' action='get' select='id'><name>Method</name><Relationships><Item type='Property' action='get' select='name'/><Item type='RelationshipType' action='get' select='name'/></Relationships></Item>
  was obtained from cache
************* End of reference checking ************
Item successfully applied(add)   id : 046401394A4C4BFE99C1B06A0DB58330    keyed_name : tltcGetItemNumber    type : Method  
Adding item into PackageDefinition with id = 34536A5A48A94D1FA2C53128A975E4D9 and type = Method
Getting config_id  of versionable item  id  34536A5A48A94D1FA2C53128A975E4D9 type Method
Item already exist in packdefinition  id  046401394A4C4BFE99C1B06A0DB58330 type Method
Processing (add)   id : 36EA18C4E531493AA0A3EC99C710DDB8    keyed_name : CADIntegration_SystemSetting    type : Form  
********** Start of reference checking ************
checking item with get action:<Item type="Method" action="get" select="id"><name>CADIntegration_SystemSetting</name></Item>
-> was obtained from server
checking item with get action:<Item type="Method" action="get" select="id"><name>CADIntegration_SystemSettingForm</name></Item>
-> was obtained from server
<Item type='ItemType' action='get' select='id'><name>Form</name><Relationships><Item type='Property' action='get' select='name'/><Item type='RelationshipType' action='get' select='name'/></Relationships></Item>
  was obtained from server
<Item type='ItemType' action='get' select='id'><name>Body</name><Relationships><Item type='Property' action='get' select='name'/><Item type='RelationshipType' action='get' select='name'/></Relationships></Item>
  was obtained from server
<Item type='ItemType' action='get' select='id'><name>Field</name><Relationships><Item type='Property' action='get' select='name'/><Item type='RelationshipType' action='get' select='name'/></Relationships></Item>
  was obtained from server
<Item type='ItemType' action='get' select='id'><name>Field</name><Relationships><Item type='Property' action='get' select='name'/><Item type='RelationshipType' action='get' select='name'/></Relationships></Item>
  was obtained from cache
<Item type='ItemType' action='get' select='id'><name>Field Event</name><Relationships><Item type='Property' action='get' select='name'/><Item type='RelationshipType' action='get' select='name'/></Relationships></Item>
  was obtained from server
<Item type='ItemType' action='get' select='id'><name>Field</name><Relationships><Item type='Property' action='get' select='name'/><Item type='RelationshipType' action='get' select='name'/></Relationships></Item>
  was obtained from cache
<Item type='ItemType' action='get' select='id'><name>Field</name><Relationships><Item type='Property' action='get' select='name'/><Item type='RelationshipType' action='get' select='name'/></Relationships></Item>
  was obtained from cache
<Item type='ItemType' action='get' select='id'><name>Field</name><Relationships><Item type='Property' action='get' select='name'/><Item type='RelationshipType' action='get' select='name'/></Relationships></Item>
  was obtained from cache
<Item type='ItemType' action='get' select='id'><name>Field</name><Relationships><Item type='Property' action='get' select='name'/><Item type='RelationshipType' action='get' select='name'/></Relationships></Item>
  was obtained from cache
<Item type='ItemType' action='get' select='id'><name>Field</name><Relationships><Item type='Property' action='get' select='name'/><Item type='RelationshipType' action='get' select='name'/></Relationships></Item>
  was obtained from cache
<Item type='ItemType' action='get' select='id'><name>Field</name><Relationships><Item type='Property' action='get' select='name'/><Item type='RelationshipType' action='get' select='name'/></Relationships></Item>
  was obtained from cache
<Item type='ItemType' action='get' select='id'><name>Field</name><Relationships><Item type='Property' action='get' select='name'/><Item type='RelationshipType' action='get' select='name'/></Relationships></Item>
  was obtained from cache
<Item type='ItemType' action='get' select='id'><name>Field</name><Relationships><Item type='Property' action='get' select='name'/><Item type='RelationshipType' action='get' select='name'/></Relationships></Item>
  was obtained from cache
<Item type='ItemType' action='get' select='id'><name>Field</name><Relationships><Item type='Property' action='get' select='name'/><Item type='RelationshipType' action='get' select='name'/></Relationships></Item>
  was obtained from cache
<Item type='ItemType' action='get' select='id'><name>Field</name><Relationships><Item type='Property' action='get' select='name'/><Item type='RelationshipType' action='get' select='name'/></Relationships></Item>
  was obtained from cache
<Item type='ItemType' action='get' select='id'><name>Field</name><Relationships><Item type='Property' action='get' select='name'/><Item type='RelationshipType' action='get' select='name'/></Relationships></Item>
  was obtained from cache
<Item type='ItemType' action='get' select='id'><name>Field</name><Relationships><Item type='Property' action='get' select='name'/><Item type='RelationshipType' action='get' select='name'/></Relationships></Item>
  was obtained from cache
<Item type='ItemType' action='get' select='id'><name>Field</name><Relationships><Item type='Property' action='get' select='name'/><Item type='RelationshipType' action='get' select='name'/></Relationships></Item>
  was obtained from cache
<Item type='ItemType' action='get' select='id'><name>Field</name><Relationships><Item type='Property' action='get' select='name'/><Item type='RelationshipType' action='get' select='name'/></Relationships></Item>
  was obtained from cache
<Item type='ItemType' action='get' select='id'><name>Field</name><Relationships><Item type='Property' action='get' select='name'/><Item type='RelationshipType' action='get' select='name'/></Relationships></Item>
  was obtained from cache
<Item type='ItemType' action='get' select='id'><name>Field</name><Relationships><Item type='Property' action='get' select='name'/><Item type='RelationshipType' action='get' select='name'/></Relationships></Item>
  was obtained from cache
<Item type='ItemType' action='get' select='id'><name>Field</name><Relationships><Item type='Property' action='get' select='name'/><Item type='RelationshipType' action='get' select='name'/></Relationships></Item>
  was obtained from cache
<Item type='ItemType' action='get' select='id'><name>Field</name><Relationships><Item type='Property' action='get' select='name'/><Item type='RelationshipType' action='get' select='name'/></Relationships></Item>
  was obtained from cache
<Item type='ItemType' action='get' select='id'><name>Field</name><Relationships><Item type='Property' action='get' select='name'/><Item type='RelationshipType' action='get' select='name'/></Relationships></Item>
  was obtained from cache
<Item type='ItemType' action='get' select='id'><name>Field</name><Relationships><Item type='Property' action='get' select='name'/><Item type='RelationshipType' action='get' select='name'/></Relationships></Item>
  was obtained from cache
<Item type='ItemType' action='get' select='id'><name>Field</name><Relationships><Item type='Property' action='get' select='name'/><Item type='RelationshipType' action='get' select='name'/></Relationships></Item>
  was obtained from cache
<Item type='ItemType' action='get' select='id'><name>Field</name><Relationships><Item type='Property' action='get' select='name'/><Item type='RelationshipType' action='get' select='name'/></Relationships></Item>
  was obtained from cache
<Item type='ItemType' action='get' select='id'><name>Field</name><Relationships><Item type='Property' action='get' select='name'/><Item type='RelationshipType' action='get' select='name'/></Relationships></Item>
  was obtained from cache
<Item type='ItemType' action='get' select='id'><name>Field</name><Relationships><Item type='Property' action='get' select='name'/><Item type='RelationshipType' action='get' select='name'/></Relationships></Item>
  was obtained from cache
<Item type='ItemType' action='get' select='id'><name>Field</name><Relationships><Item type='Property' action='get' select='name'/><Item type='RelationshipType' action='get' select='name'/></Relationships></Item>
  was obtained from cache
<Item type='ItemType' action='get' select='id'><name>Field</name><Relationships><Item type='Property' action='get' select='name'/><Item type='RelationshipType' action='get' select='name'/></Relationships></Item>
  was obtained from cache
<Item type='ItemType' action='get' select='id'><name>Field</name><Relationships><Item type='Property' action='get' select='name'/><Item type='RelationshipType' action='get' select='name'/></Relationships></Item>
  was obtained from cache
<Item type='ItemType' action='get' select='id'><name>Form Event</name><Relationships><Item type='Property' action='get' select='name'/><Item type='RelationshipType' action='get' select='name'/></Relationships></Item>
  was obtained from server
************* End of reference checking ************
Item successfully applied(add)   id : 36EA18C4E531493AA0A3EC99C710DDB8    keyed_name : CADIntegration_SystemSetting    type : Form          ****ErrorMessage****
       無效的物件名稱 'CAD_CONFIGURATION_LIST'。
          ********************
Start of importing packages
start of execution : 09/21/2018 18:16:52
Updating tltc.cad.integration to 'inprogress' release status
       ****Import with merge option tltc.cad.integration****
Processing (add)   id : 83E142DEDB53411BB3B6709FF0932477    keyed_name : CADIntegration_GetItemtypeDataBy    type : Method  
********** Start of reference checking ************
<Item type='ItemType' action='get' select='id'><name>Method</name><Relationships><Item type='Property' action='get' select='name'/><Item type='RelationshipType' action='get' select='name'/></Relationships></Item>
  was obtained from cache
************* End of reference checking ************
Item successfully applied(add)   id : 83E142DEDB53411BB3B6709FF0932477    keyed_name : CADIntegration_GetItemtypeDataBy    type : Method  
Adding item into PackageDefinition with id = 17616ABB75EA4C27844A0B202FF0E9BF and type = Method
Getting config_id  of versionable item  id  17616ABB75EA4C27844A0B202FF0E9BF type Method
Item already exist in packdefinition  id  83E142DEDB53411BB3B6709FF0932477 type Method
Processing (add)   id : 5A3F83F3C00840DF80AC48B086B84F40    keyed_name : CADIntegration_SystemSetting    type : Method  
********** Start of reference checking ************
<Item type='ItemType' action='get' select='id'><name>Method</name><Relationships><Item type='Property' action='get' select='name'/><Item type='RelationshipType' action='get' select='name'/></Relationships></Item>
  was obtained from cache
************* End of reference checking ************
Item successfully applied(add)   id : 5A3F83F3C00840DF80AC48B086B84F40    keyed_name : CADIntegration_SystemSetting    type : Method  
Adding item into PackageDefinition with id = A3B984AE265E465B8528BCE162B81D23 and type = Method
Getting config_id  of versionable item  id  A3B984AE265E465B8528BCE162B81D23 type Method
Item already exist in packdefinition  id  5A3F83F3C00840DF80AC48B086B84F40 type Method
Processing (add)   id : A1086CBA750244FABF09F0150C6080A4    keyed_name : CADIntegration_SystemSettingForm    type : Method  
********** Start of reference checking ************
<Item type='ItemType' action='get' select='id'><name>Method</name><Relationships><Item type='Property' action='get' select='name'/><Item type='RelationshipType' action='get' select='name'/></Relationships></Item>
  was obtained from cache
************* End of reference checking ************
Item successfully applied(add)   id : A1086CBA750244FABF09F0150C6080A4    keyed_name : CADIntegration_SystemSettingForm    type : Method  
Adding item into PackageDefinition with id = 5726CA69DE7E4CF3AB3748849D589F18 and type = Method
Getting config_id  of versionable item  id  5726CA69DE7E4CF3AB3748849D589F18 type Method
Item already exist in packdefinition  id  A1086CBA750244FABF09F0150C6080A4 type Method
Processing (add)   id : 046401394A4C4BFE99C1B06A0DB58330    keyed_name : tltcGetItemNumber    type : Method  
********** Start of reference checking ************
<Item type='ItemType' action='get' select='id'><name>Method</name><Relationships><Item type='Property' action='get' select='name'/><Item type='RelationshipType' action='get' select='name'/></Relationships></Item>
  was obtained from cache
************* End of reference checking ************
Item successfully applied(add)   id : 046401394A4C4BFE99C1B06A0DB58330    keyed_name : tltcGetItemNumber    type : Method  
Adding item into PackageDefinition with id = C09B964FE34544EF963B515434D9BA6C and type = Method
Getting config_id  of versionable item  id  C09B964FE34544EF963B515434D9BA6C type Method
Item already exist in packdefinition  id  046401394A4C4BFE99C1B06A0DB58330 type Method
Processing (add)   id : 36EA18C4E531493AA0A3EC99C710DDB8    keyed_name : CADIntegration_SystemSetting    type : Form  
********** Start of reference checking ************
checking item with get action:<Item type="Method" action="get" select="id"><name>CADIntegration_SystemSetting</name></Item>
-> was obtained from cache
checking item with get action:<Item type="Method" action="get" select="id"><name>CADIntegration_SystemSettingForm</name></Item>
-> was obtained from cache
<Item type='ItemType' action='get' select='id'><name>Form</name><Relationships><Item type='Property' action='get' select='name'/><Item type='RelationshipType' action='get' select='name'/></Relationships></Item>
  was obtained from cache
<Item type='ItemType' action='get' select='id'><name>Body</name><Relationships><Item type='Property' action='get' select='name'/><Item type='RelationshipType' action='get' select='name'/></Relationships></Item>
  was obtained from cache
<Item type='ItemType' action='get' select='id'><name>Field</name><Relationships><Item type='Property' action='get' select='name'/><Item type='RelationshipType' action='get' select='name'/></Relationships></Item>
  was obtained from cache
<Item type='ItemType' action='get' select='id'><name>Field</name><Relationships><Item type='Property' action='get' select='name'/><Item type='RelationshipType' action='get' select='name'/></Relationships></Item>
  was obtained from cache
<Item type='ItemType' action='get' select='id'><name>Field Event</name><Relationships><Item type='Property' action='get' select='name'/><Item type='RelationshipType' action='get' select='name'/></Relationships></Item>
  was obtained from cache
<Item type='ItemType' action='get' select='id'><name>Field</name><Relationships><Item type='Property' action='get' select='name'/><Item type='RelationshipType' action='get' select='name'/></Relationships></Item>
  was obtained from cache
<Item type='ItemType' action='get' select='id'><name>Field</name><Relationships><Item type='Property' action='get' select='name'/><Item type='RelationshipType' action='get' select='name'/></Relationships></Item>
  was obtained from cache
<Item type='ItemType' action='get' select='id'><name>Field</name><Relationships><Item type='Property' action='get' select='name'/><Item type='RelationshipType' action='get' select='name'/></Relationships></Item>
  was obtained from cache
<Item type='ItemType' action='get' select='id'><name>Field</name><Relationships><Item type='Property' action='get' select='name'/><Item type='RelationshipType' action='get' select='name'/></Relationships></Item>
  was obtained from cache
<Item type='ItemType' action='get' select='id'><name>Field</name><Relationships><Item type='Property' action='get' select='name'/><Item type='RelationshipType' action='get' select='name'/></Relationships></Item>
  was obtained from cache
<Item type='ItemType' action='get' select='id'><name>Field</name><Relationships><Item type='Property' action='get' select='name'/><Item type='RelationshipType' action='get' select='name'/></Relationships></Item>
  was obtained from cache
<Item type='ItemType' action='get' select='id'><name>Field</name><Relationships><Item type='Property' action='get' select='name'/><Item type='RelationshipType' action='get' select='name'/></Relationships></Item>
  was obtained from cache
<Item type='ItemType' action='get' select='id'><name>Field</name><Relationships><Item type='Property' action='get' select='name'/><Item type='RelationshipType' action='get' select='name'/></Relationships></Item>
  was obtained from cache
<Item type='ItemType' action='get' select='id'><name>Field</name><Relationships><Item type='Property' action='get' select='name'/><Item type='RelationshipType' action='get' select='name'/></Relationships></Item>
  was obtained from cache
<Item type='ItemType' action='get' select='id'><name>Field</name><Relationships><Item type='Property' action='get' select='name'/><Item type='RelationshipType' action='get' select='name'/></Relationships></Item>
  was obtained from cache
<Item type='ItemType' action='get' select='id'><name>Field</name><Relationships><Item type='Property' action='get' select='name'/><Item type='RelationshipType' action='get' select='name'/></Relationships></Item>
  was obtained from cache
<Item type='ItemType' action='get' select='id'><name>Field</name><Relationships><Item type='Property' action='get' select='name'/><Item type='RelationshipType' action='get' select='name'/></Relationships></Item>
  was obtained from cache
<Item type='ItemType' action='get' select='id'><name>Field</name><Relationships><Item type='Property' action='get' select='name'/><Item type='RelationshipType' action='get' select='name'/></Relationships></Item>
  was obtained from cache
<Item type='ItemType' action='get' select='id'><name>Field</name><Relationships><Item type='Property' action='get' select='name'/><Item type='RelationshipType' action='get' select='name'/></Relationships></Item>
  was obtained from cache
<Item type='ItemType' action='get' select='id'><name>Field</name><Relationships><Item type='Property' action='get' select='name'/><Item type='RelationshipType' action='get' select='name'/></Relationships></Item>
  was obtained from cache
<Item type='ItemType' action='get' select='id'><name>Field</name><Relationships><Item type='Property' action='get' select='name'/><Item type='RelationshipType' action='get' select='name'/></Relationships></Item>
  was obtained from cache
<Item type='ItemType' action='get' select='id'><name>Field</name><Relationships><Item type='Property' action='get' select='name'/><Item type='RelationshipType' action='get' select='name'/></Relationships></Item>
  was obtained from cache
<Item type='ItemType' action='get' select='id'><name>Field</name><Relationships><Item type='Property' action='get' select='name'/><Item type='RelationshipType' action='get' select='name'/></Relationships></Item>
  was obtained from cache
<Item type='ItemType' action='get' select='id'><name>Field</name><Relationships><Item type='Property' action='get' select='name'/><Item type='RelationshipType' action='get' select='name'/></Relationships></Item>
  was obtained from cache
<Item type='ItemType' action='get' select='id'><name>Field</name><Relationships><Item type='Property' action='get' select='name'/><Item type='RelationshipType' action='get' select='name'/></Relationships></Item>
  was obtained from cache
<Item type='ItemType' action='get' select='id'><name>Field</name><Relationships><Item type='Property' action='get' select='name'/><Item type='RelationshipType' action='get' select='name'/></Relationships></Item>
  was obtained from cache
<Item type='ItemType' action='get' select='id'><name>Field</name><Relationships><Item type='Property' action='get' select='name'/><Item type='RelationshipType' action='get' select='name'/></Relationships></Item>
  was obtained from cache
<Item type='ItemType' action='get' select='id'><name>Field</name><Relationships><Item type='Property' action='get' select='name'/><Item type='RelationshipType' action='get' select='name'/></Relationships></Item>
  was obtained from cache
<Item type='ItemType' action='get' select='id'><name>Field</name><Relationships><Item type='Property' action='get' select='name'/><Item type='RelationshipType' action='get' select='name'/></Relationships></Item>
  was obtained from cache
<Item type='ItemType' action='get' select='id'><name>Field</name><Relationships><Item type='Property' action='get' select='name'/><Item type='RelationshipType' action='get' select='name'/></Relationships></Item>
  was obtained from cache
<Item type='ItemType' action='get' select='id'><name>Field</name><Relationships><Item type='Property' action='get' select='name'/><Item type='RelationshipType' action='get' select='name'/></Relationships></Item>
  was obtained from cache
<Item type='ItemType' action='get' select='id'><name>Field</name><Relationships><Item type='Property' action='get' select='name'/><Item type='RelationshipType' action='get' select='name'/></Relationships></Item>
  was obtained from cache
<Item type='ItemType' action='get' select='id'><name>Form Event</name><Relationships><Item type='Property' action='get' select='name'/><Item type='RelationshipType' action='get' select='name'/></Relationships></Item>
  was obtained from cache
************* End of reference checking ************
Item successfully applied(add)   id : 36EA18C4E531493AA0A3EC99C710DDB8    keyed_name : CADIntegration_SystemSetting    type : Form  
Addi          ****ErrorMessage****
       無效的物件名稱 'CAD_CONFIGURATION_LIST'。
          ********************
Start of importing packages
start of execution : 09/21/2018 18:18:15
Updating tltc.cad.integration to 'inprogress' release status
       ****Import with merge option tltc.cad.integration****
Processing (add)   id : 83E142DEDB53411BB3B6709FF0932477    keyed_name : CADIntegration_GetItemtypeDataBy    type : Method  
********** Start of reference checking ************
<Item type='ItemType' action='get' select='id'><name>Method</name><Relationships><Item type='Property' action='get' select='name'/><Item type='RelationshipType' action='get' select='name'/></Relationships></Item>
  was obtained from cache
************* End of reference checking ************
Item successfully applied(add)   id : 83E142DEDB53411BB3B6709FF0932477    keyed_name : CADIntegration_GetItemtypeDataBy    type : Method  
Adding item into PackageDefinition with id = 4A232F7C2D60494B9FE8CDF382112353 and type = Method
Getting config_id  of versionable item  id  4A232F7C2D60494B9FE8CDF382112353 type Method
Item already exist in packdefinition  id  83E142DEDB53411BB3B6709FF0932477 type Method
Processing (add)   id : 5A3F83F3C00840DF80AC48B086B84F40    keyed_name : CADIntegration_SystemSetting    type : Method  
********** Start of reference checking ************
<Item type='ItemType' action='get' select='id'><name>Method</name><Relationships><Item type='Property' action='get' select='name'/><Item type='RelationshipType' action='get' select='name'/></Relationships></Item>
  was obtained from cache
************* End of reference checking ************
Item successfully applied(add)   id : 5A3F83F3C00840DF80AC48B086B84F40    keyed_name : CADIntegration_SystemSetting    type : Method  
Adding item into PackageDefinition with id = FCE7108EC56D4C12A47FA6A544CC38CE and type = Method
Getting config_id  of versionable item  id  FCE7108EC56D4C12A47FA6A544CC38CE type Method
Item already exist in packdefinition  id  5A3F83F3C00840DF80AC48B086B84F40 type Method
Processing (add)   id : A1086CBA750244FABF09F0150C6080A4    keyed_name : CADIntegration_SystemSettingForm    type : Method  
********** Start of reference checking ************
<Item type='ItemType' action='get' select='id'><name>Method</name><Relationships><Item type='Property' action='get' select='name'/><Item type='RelationshipType' action='get' select='name'/></Relationships></Item>
  was obtained from cache
************* End of reference checking ************
Item successfully applied(add)   id : A1086CBA750244FABF09F0150C6080A4    keyed_name : CADIntegration_SystemSettingForm    type : Method  
Adding item into PackageDefinition with id = 7AAA812BDDEC4E5AB004AB51F6B3E68E and type = Method
Getting config_id  of versionable item  id  7AAA812BDDEC4E5AB004AB51F6B3E68E type Method
Item already exist in packdefinition  id  A1086CBA750244FABF09F0150C6080A4 type Method
Processing (add)   id : 046401394A4C4BFE99C1B06A0DB58330    keyed_name : tltcGetItemNumber    type : Method  
********** Start of reference checking ************
<Item type='ItemType' action='get' select='id'><name>Method</name><Relationships><Item type='Property' action='get' select='name'/><Item type='RelationshipType' action='get' select='name'/></Relationships></Item>
  was obtained from cache
************* End of reference checking ************
Item successfully applied(add)   id : 046401394A4C4BFE99C1B06A0DB58330    keyed_name : tltcGetItemNumber    type : Method  
Adding item into PackageDefinition with id = 2BEA8DFF38CB4BA5AB6A00B411B021F4 and type = Method
Getting config_id  of versionable item  id  2BEA8DFF38CB4BA5AB6A00B411B021F4 type Method
Item already exist in packdefinition  id  046401394A4C4BFE99C1B06A0DB58330 type Method
Processing (add)   id : 36EA18C4E531493AA0A3EC99C710DDB8    keyed_name : CADIntegration_SystemSetting    type : Form  
********** Start of reference checking ************
checking item with get action:<Item type="Method" action="get" select="id"><name>CADIntegration_SystemSetting</name></Item>
-> was obtained from cache
checking item with get action:<Item type="Method" action="get" select="id"><name>CADIntegration_SystemSettingForm</name></Item>
-> was obtained from cache
<Item type='ItemType' action='get' select='id'><name>Form</name><Relationships><Item type='Property' action='get' select='name'/><Item type='RelationshipType' action='get' select='name'/></Relationships></Item>
  was obtained from cache
<Item type='ItemType' action='get' select='id'><name>Body</name><Relationships><Item type='Property' action='get' select='name'/><Item type='RelationshipType' action='get' select='name'/></Relationships></Item>
  was obtained from cache
<Item type='ItemType' action='get' select='id'><name>Field</name><Relationships><Item type='Property' action='get' select='name'/><Item type='RelationshipType' action='get' select='name'/></Relationships></Item>
  was obtained from cache
<Item type='ItemType' action='get' select='id'><name>Field</name><Relationships><Item type='Property' action='get' select='name'/><Item type='RelationshipType' action='get' select='name'/></Relationships></Item>
  was obtained from cache
<Item type='ItemType' action='get' select='id'><name>Field Event</name><Relationships><Item type='Property' action='get' select='name'/><Item type='RelationshipType' action='get' select='name'/></Relationships></Item>
  was obtained from cache
<Item type='ItemType' action='get' select='id'><name>Field</name><Relationships><Item type='Property' action='get' select='name'/><Item type='RelationshipType' action='get' select='name'/></Relationships></Item>
  was obtained from cache
<Item type='ItemType' action='get' select='id'><name>Field</name><Relationships><Item type='Property' action='get' select='name'/><Item type='RelationshipType' action='get' select='name'/></Relationships></Item>
  was obtained from cache
<Item type='ItemType' action='get' select='id'><name>Field</name><Relationships><Item type='Property' action='get' select='name'/><Item type='RelationshipType' action='get' select='name'/></Relationships></Item>
  was obtained from cache
<Item type='ItemType' action='get' select='id'><name>Field</name><Relationships><Item type='Property' action='get' select='name'/><Item type='RelationshipType' action='get' select='name'/></Relationships></Item>
  was obtained from cache
<Item type='ItemType' action='get' select='id'><name>Field</name><Relationships><Item type='Property' action='get' select='name'/><Item type='RelationshipType' action='get' select='name'/></Relationships></Item>
  was obtained from cache
<Item type='ItemType' action='get' select='id'><name>Field</name><Relationships><Item type='Property' action='get' select='name'/><Item type='RelationshipType' action='get' select='name'/></Relationships></Item>
  was obtained from cache
<Item type='ItemType' action='get' select='id'><name>Field</name><Relationships><Item type='Property' action='get' select='name'/><Item type='RelationshipType' action='get' select='name'/></Relationships></Item>
  was obtained from cache
<Item type='ItemType' action='get' select='id'><name>Field</name><Relationships><Item type='Property' action='get' select='name'/><Item type='RelationshipType' action='get' select='name'/></Relationships></Item>
  was obtained from cache
<Item type='ItemType' action='get' select='id'><name>Field</name><Relationships><Item type='Property' action='get' select='name'/><Item type='RelationshipType' action='get' select='name'/></Relationships></Item>
  was obtained from cache
<Item type='ItemType' action='get' select='id'><name>Field</name><Relationships><Item type='Property' action='get' select='name'/><Item type='RelationshipType' action='get' select='name'/></Relationships></Item>
  was obtained from cache
<Item type='ItemType' action='get' select='id'><name>Field</name><Relationships><Item type='Property' action='get' select='name'/><Item type='RelationshipType' action='get' select='name'/></Relationships></Item>
  was obtained from cache
<Item type='ItemType' action='get' select='id'><name>Field</name><Relationships><Item type='Property' action='get' select='name'/><Item type='RelationshipType' action='get' select='name'/></Relationships></Item>
  was obtained from cache
<Item type='ItemType' action='get' select='id'><name>Field</name><Relationships><Item type='Property' action='get' select='name'/><Item type='RelationshipType' action='get' select='name'/></Relationships></Item>
  was obtained from cache
<Item type='ItemType' action='get' select='id'><name>Field</name><Relationships><Item type='Property' action='get' select='name'/><Item type='RelationshipType' action='get' select='name'/></Relationships></Item>
  was obtained from cache
<Item type='ItemType' action='get' select='id'><name>Field</name><Relationships><Item type='Property' action='get' select='name'/><Item type='RelationshipType' action='get' select='name'/></Relationships></Item>
  was obtained from cache
<Item type='ItemType' action='get' select='id'><name>Field</name><Relationships><Item type='Property' action='get' select='name'/><Item type='RelationshipType' action='get' select='name'/></Relationships></Item>
  was obtained from cache
<Item type='ItemType' action='get' select='id'><name>Field</name><Relationships><Item type='Property' action='get' select='name'/><Item type='RelationshipType' action='get' select='name'/></Relationships></Item>
  was obtained from cache
<Item type='ItemType' action='get' select='id'><name>Field</name><Relationships><Item type='Property' action='get' select='name'/><Item type='RelationshipType' action='get' select='name'/></Relationships></Item>
  was obtained from cache
<Item type='ItemType' action='get' select='id'><name>Field</name><Relationships><Item type='Property' action='get' select='name'/><Item type='RelationshipType' action='get' select='name'/></Relationships></Item>
  was obtained from cache
<Item type='ItemType' action='get' select='id'><name>Field</name><Relationships><Item type='Property' action='get' select='name'/><Item type='RelationshipType' action='get' select='name'/></Relationships></Item>
  was obtained from cache
<Item type='ItemType' action='get' select='id'><name>Field</name><Relationships><Item type='Property' action='get' select='name'/><Item type='RelationshipType' action='get' select='name'/></Relationships></Item>
  was obtained from cache
<Item type='ItemType' action='get' select='id'><name>Field</name><Relationships><Item type='Property' action='get' select='name'/><Item type='RelationshipType' action='get' select='name'/></Relationships></Item>
  was obtained from cache
<Item type='ItemType' action='get' select='id'><name>Field</name><Relationships><Item type='Property' action='get' select='name'/><Item type='RelationshipType' action='get' select='name'/></Relationships></Item>
  was obtained from cache
<Item type='ItemType' action='get' select='id'><name>Field</name><Relationships><Item type='Property' action='get' select='name'/><Item type='RelationshipType' action='get' select='name'/></Relationships></Item>
  was obtained from cache
<Item type='ItemType' action='get' select='id'><name>Field</name><Relationships><Item type='Property' action='get' select='name'/><Item type='RelationshipType' action='get' select='name'/></Relationships></Item>
  was obtained from cache
<Item type='ItemType' action='get' select='id'><name>Field</name><Relationships><Item type='Property' action='get' select='name'/><Item type='RelationshipType' action='get' select='name'/></Relationships></Item>
  was obtained from cache
<Item type='ItemType' action='get' select='id'><name>Field</name><Relationships><Item type='Property' action='get' select='name'/><Item type='RelationshipType' action='get' select='name'/></Relationships></Item>
  was obtained from cache
<Item type='ItemType' action='get' select='id'><name>Form Event</name><Relationships><Item type='Property' action='get' select='name'/><Item type='RelationshipType' action='get' select='name'/></Relationships></Item>
  was obtained from cache
************* End of reference checking ************
Item successfully applied(add)   id : 36EA18C4E531493AA0A3EC99C710DDB8    keyed_name : CADIntegration_SystemSetting    type : Form  
Addi          ****ErrorMessage****
       無效的物件名稱 'CAD_CONFIGURATION_LIST'。
          ********************
Start of importing packages
start of execution : 09/21/2018 18:18:47
Updating tltc.cad.integration to 'inprogress' release status
       ****Import with merge option tltc.cad.integration****
Processing (add)   id : 83E142DEDB53411BB3B6709FF0932477    keyed_name : CADIntegration_GetItemtypeDataBy    type : Method  
********** Start of reference checking ************
<Item type='ItemType' action='get' select='id'><name>Method</name><Relationships><Item type='Property' action='get' select='name'/><Item type='RelationshipType' action='get' select='name'/></Relationships></Item>
  was obtained from cache
************* End of reference checking ************
Item successfully applied(add)   id : 83E142DEDB53411BB3B6709FF0932477    keyed_name : CADIntegration_GetItemtypeDataBy    type : Method  
Adding item into PackageDefinition with id = 8691AAB58CE745AC955A8D2CF04E71E5 and type = Method
Getting config_id  of versionable item  id  8691AAB58CE745AC955A8D2CF04E71E5 type Method
Item already exist in packdefinition  id  83E142DEDB53411BB3B6709FF0932477 type Method
Processing (add)   id : 5A3F83F3C00840DF80AC48B086B84F40    keyed_name : CADIntegration_SystemSetting    type : Method  
********** Start of reference checking ************
<Item type='ItemType' action='get' select='id'><name>Method</name><Relationships><Item type='Property' action='get' select='name'/><Item type='RelationshipType' action='get' select='name'/></Relationships></Item>
  was obtained from cache
************* End of reference checking ************
Item successfully applied(add)   id : 5A3F83F3C00840DF80AC48B086B84F40    keyed_name : CADIntegration_SystemSetting    type : Method  
Adding item into PackageDefinition with id = F4CC7C2ED82449238603A6F7A41FD22C and type = Method
Getting config_id  of versionable item  id  F4CC7C2ED82449238603A6F7A41FD22C type Method
Item already exist in packdefinition  id  5A3F83F3C00840DF80AC48B086B84F40 type Method
Processing (add)   id : A1086CBA750244FABF09F0150C6080A4    keyed_name : CADIntegration_SystemSettingForm    type : Method  
********** Start of reference checking ************
<Item type='ItemType' action='get' select='id'><name>Method</name><Relationships><Item type='Property' action='get' select='name'/><Item type='RelationshipType' action='get' select='name'/></Relationships></Item>
  was obtained from cache
************* End of reference checking ************
Item successfully applied(add)   id : A1086CBA750244FABF09F0150C6080A4    keyed_name : CADIntegration_SystemSettingForm    type : Method  
Adding item into PackageDefinition with id = 9729493F95A34E3181AE2971CACD4EFE and type = Method
Getting config_id  of versionable item  id  9729493F95A34E3181AE2971CACD4EFE type Method
Item already exist in packdefinition  id  A1086CBA750244FABF09F0150C6080A4 type Method
Processing (add)   id : 046401394A4C4BFE99C1B06A0DB58330    keyed_name : tltcGetItemNumber    type : Method  
********** Start of reference checking ************
<Item type='ItemType' action='get' select='id'><name>Method</name><Relationships><Item type='Property' action='get' select='name'/><Item type='RelationshipType' action='get' select='name'/></Relationships></Item>
  was obtained from cache
************* End of reference checking ************
Item successfully applied(add)   id : 046401394A4C4BFE99C1B06A0DB58330    keyed_name : tltcGetItemNumber    type : Method  
Adding item into PackageDefinition with id = 2BDCAAA36325454DA9C22B22865A45D6 and type = Method
Getting config_id  of versionable item  id  2BDCAAA36325454DA9C22B22865A45D6 type Method
Item already exist in packdefinition  id  046401394A4C4BFE99C1B06A0DB58330 type Method
Processing (add)   id : 36EA18C4E531493AA0A3EC99C710DDB8    keyed_name : CADIntegration_SystemSetting    type : Form  
********** Start of reference checking ************
checking item with get action:<Item type="Method" action="get" select="id"><name>CADIntegration_SystemSetting</name></Item>
-> was obtained from cache
checking item with get action:<Item type="Method" action="get" select="id"><name>CADIntegration_SystemSettingForm</name></Item>
-> was obtained from cache
<Item type='ItemType' action='get' select='id'><name>Form</name><Relationships><Item type='Property' action='get' select='name'/><Item type='RelationshipType' action='get' select='name'/></Relationships></Item>
  was obtained from cache
<Item type='ItemType' action='get' select='id'><name>Body</name><Relationships><Item type='Property' action='get' select='name'/><Item type='RelationshipType' action='get' select='name'/></Relationships></Item>
  was obtained from cache
<Item type='ItemType' action='get' select='id'><name>Field</name><Relationships><Item type='Property' action='get' select='name'/><Item type='RelationshipType' action='get' select='name'/></Relationships></Item>
  was obtained from cache
<Item type='ItemType' action='get' select='id'><name>Field</name><Relationships><Item type='Property' action='get' select='name'/><Item type='RelationshipType' action='get' select='name'/></Relationships></Item>
  was obtained from cache
<Item type='ItemType' action='get' select='id'><name>Field Event</name><Relationships><Item type='Property' action='get' select='name'/><Item type='RelationshipType' action='get' select='name'/></Relationships></Item>
  was obtained from cache
<Item type='ItemType' action='get' select='id'><name>Field</name><Relationships><Item type='Property' action='get' select='name'/><Item type='RelationshipType' action='get' select='name'/></Relationships></Item>
  was obtained from cache
<Item type='ItemType' action='get' select='id'><name>Field</name><Relationships><Item type='Property' action='get' select='name'/><Item type='RelationshipType' action='get' select='name'/></Relationships></Item>
  was obtained from cache
<Item type='ItemType' action='get' select='id'><name>Field</name><Relationships><Item type='Property' action='get' select='name'/><Item type='RelationshipType' action='get' select='name'/></Relationships></Item>
  was obtained from cache
<Item type='ItemType' action='get' select='id'><name>Field</name><Relationships><Item type='Property' action='get' select='name'/><Item type='RelationshipType' action='get' select='name'/></Relationships></Item>
  was obtained from cache
<Item type='ItemType' action='get' select='id'><name>Field</name><Relationships><Item type='Property' action='get' select='name'/><Item type='RelationshipType' action='get' select='name'/></Relationships></Item>
  was obtained from cache
<Item type='ItemType' action='get' select='id'><name>Field</name><Relationships><Item type='Property' action='get' select='name'/><Item type='RelationshipType' action='get' select='name'/></Relationships></Item>
  was obtained from cache
<Item type='ItemType' action='get' select='id'><name>Field</name><Relationships><Item type='Property' action='get' select='name'/><Item type='RelationshipType' action='get' select='name'/></Relationships></Item>
  was obtained from cache
<Item type='ItemType' action='get' select='id'><name>Field</name><Relationships><Item type='Property' action='get' select='name'/><Item type='RelationshipType' action='get' select='name'/></Relationships></Item>
  was obtained from cache
<Item type='ItemType' action='get' select='id'><name>Field</name><Relationships><Item type='Property' action='get' select='name'/><Item type='RelationshipType' action='get' select='name'/></Relationships></Item>
  was obtained from cache
<Item type='ItemType' action='get' select='id'><name>Field</name><Relationships><Item type='Property' action='get' select='name'/><Item type='RelationshipType' action='get' select='name'/></Relationships></Item>
  was obtained from cache
<Item type='ItemType' action='get' select='id'><name>Field</name><Relationships><Item type='Property' action='get' select='name'/><Item type='RelationshipType' action='get' select='name'/></Relationships></Item>
  was obtained from cache
<Item type='ItemType' action='get' select='id'><name>Field</name><Relationships><Item type='Property' action='get' select='name'/><Item type='RelationshipType' action='get' select='name'/></Relationships></Item>
  was obtained from cache
<Item type='ItemType' action='get' select='id'><name>Field</name><Relationships><Item type='Property' action='get' select='name'/><Item type='RelationshipType' action='get' select='name'/></Relationships></Item>
  was obtained from cache
<Item type='ItemType' action='get' select='id'><name>Field</name><Relationships><Item type='Property' action='get' select='name'/><Item type='RelationshipType' action='get' select='name'/></Relationships></Item>
  was obtained from cache
<Item type='ItemType' action='get' select='id'><name>Field</name><Relationships><Item type='Property' action='get' select='name'/><Item type='RelationshipType' action='get' select='name'/></Relationships></Item>
  was obtained from cache
<Item type='ItemType' action='get' select='id'><name>Field</name><Relationships><Item type='Property' action='get' select='name'/><Item type='RelationshipType' action='get' select='name'/></Relationships></Item>
  was obtained from cache
<Item type='ItemType' action='get' select='id'><name>Field</name><Relationships><Item type='Property' action='get' select='name'/><Item type='RelationshipType' action='get' select='name'/></Relationships></Item>
  was obtained from cache
<Item type='ItemType' action='get' select='id'><name>Field</name><Relationships><Item type='Property' action='get' select='name'/><Item type='RelationshipType' action='get' select='name'/></Relationships></Item>
  was obtained from cache
<Item type='ItemType' action='get' select='id'><name>Field</name><Relationships><Item type='Property' action='get' select='name'/><Item type='RelationshipType' action='get' select='name'/></Relationships></Item>
  was obtained from cache
<Item type='ItemType' action='get' select='id'><name>Field</name><Relationships><Item type='Property' action='get' select='name'/><Item type='RelationshipType' action='get' select='name'/></Relationships></Item>
  was obtained from cache
<Item type='ItemType' action='get' select='id'><name>Field</name><Relationships><Item type='Property' action='get' select='name'/><Item type='RelationshipType' action='get' select='name'/></Relationships></Item>
  was obtained from cache
<Item type='ItemType' action='get' select='id'><name>Field</name><Relationships><Item type='Property' action='get' select='name'/><Item type='RelationshipType' action='get' select='name'/></Relationships></Item>
  was obtained from cache
<Item type='ItemType' action='get' select='id'><name>Field</name><Relationships><Item type='Property' action='get' select='name'/><Item type='RelationshipType' action='get' select='name'/></Relationships></Item>
  was obtained from cache
<Item type='ItemType' action='get' select='id'><name>Field</name><Relationships><Item type='Property' action='get' select='name'/><Item type='RelationshipType' action='get' select='name'/></Relationships></Item>
  was obtained from cache
<Item type='ItemType' action='get' select='id'><name>Field</name><Relationships><Item type='Property' action='get' select='name'/><Item type='RelationshipType' action='get' select='name'/></Relationships></Item>
  was obtained from cache
<Item type='ItemType' action='get' select='id'><name>Field</name><Relationships><Item type='Property' action='get' select='name'/><Item type='RelationshipType' action='get' select='name'/></Relationships></Item>
  was obtained from cache
<Item type='ItemType' action='get' select='id'><name>Field</name><Relationships><Item type='Property' action='get' select='name'/><Item type='RelationshipType' action='get' select='name'/></Relationships></Item>
  was obtained from cache
<Item type='ItemType' action='get' select='id'><name>Form Event</name><Relationships><Item type='Property' action='get' select='name'/><Item type='RelationshipType' action='get' select='name'/></Relationships></Item>
  was obtained from cache
************* End of reference checking ************
Item successfully applied(add)   id : 36EA18C4E531493AA0A3EC99C710DDB8    keyed_name : CADIntegration_SystemSetting    type : Form  
Addi          ****ErrorMessage****
       無效的物件名稱 'CAD_CONFIGURATION_LIST'。
          ********************
Start of importing packages
start of execution : 09/21/2018 18:18:54
Updating tltc.cad.integration to 'inprogress' release status
       ****Import with merge option tltc.cad.integration****
Processing (add)   id : 83E142DEDB53411BB3B6709FF0932477    keyed_name : CADIntegration_GetItemtypeDataBy    type : Method  
********** Start of reference checking ************
<Item type='ItemType' action='get' select='id'><name>Method</name><Relationships><Item type='Property' action='get' select='name'/><Item type='RelationshipType' action='get' select='name'/></Relationships></Item>
  was obtained from cache
************* End of reference checking ************
Item successfully applied(add)   id : 83E142DEDB53411BB3B6709FF0932477    keyed_name : CADIntegration_GetItemtypeDataBy    type : Method  
Adding item into PackageDefinition with id = 6B23A76D09824ADDB49E817A6320FAEB and type = Method
Getting config_id  of versionable item  id  6B23A76D09824ADDB49E817A6320FAEB type Method
Item already exist in packdefinition  id  83E142DEDB53411BB3B6709FF0932477 type Method
Processing (add)   id : 5A3F83F3C00840DF80AC48B086B84F40    keyed_name : CADIntegration_SystemSetting    type : Method  
********** Start of reference checking ************
<Item type='ItemType' action='get' select='id'><name>Method</name><Relationships><Item type='Property' action='get' select='name'/><Item type='RelationshipType' action='get' select='name'/></Relationships></Item>
  was obtained from cache
************* End of reference checking ************
Item successfully applied(add)   id : 5A3F83F3C00840DF80AC48B086B84F40    keyed_name : CADIntegration_SystemSetting    type : Method  
Adding item into PackageDefinition with id = F79F8919A63148AD985F6789B45DE26D and type = Method
Getting config_id  of versionable item  id  F79F8919A63148AD985F6789B45DE26D type Method
Item already exist in packdefinition  id  5A3F83F3C00840DF80AC48B086B84F40 type Method
Processing (add)   id : A1086CBA750244FABF09F0150C6080A4    keyed_name : CADIntegration_SystemSettingForm    type : Method  
********** Start of reference checking ************
<Item type='ItemType' action='get' select='id'><name>Method</name><Relationships><Item type='Property' action='get' select='name'/><Item type='RelationshipType' action='get' select='name'/></Relationships></Item>
  was obtained from cache
************* End of reference checking ************
Item successfully applied(add)   id : A1086CBA750244FABF09F0150C6080A4    keyed_name : CADIntegration_SystemSettingForm    type : Method  
Adding item into PackageDefinition with id = F0048EDAAF814D50AAF10D053ADD1945 and type = Method
Getting config_id  of versionable item  id  F0048EDAAF814D50AAF10D053ADD1945 type Method
Item already exist in packdefinition  id  A1086CBA750244FABF09F0150C6080A4 type Method
Processing (add)   id : 046401394A4C4BFE99C1B06A0DB58330    keyed_name : tltcGetItemNumber    type : Method  
********** Start of reference checking ************
<Item type='ItemType' action='get' select='id'><name>Method</name><Relationships><Item type='Property' action='get' select='name'/><Item type='RelationshipType' action='get' select='name'/></Relationships></Item>
  was obtained from cache
************* End of reference checking ************
Item successfully applied(add)   id : 046401394A4C4BFE99C1B06A0DB58330    keyed_name : tltcGetItemNumber    type : Method  
Adding item into PackageDefinition with id = 1B973119F1424C09AC2F1C515491925D and type = Method
Getting config_id  of versionable item  id  1B973119F1424C09AC2F1C515491925D type Method
Item already exist in packdefinition  id  046401394A4C4BFE99C1B06A0DB58330 type Method
Processing (add)   id : 36EA18C4E531493AA0A3EC99C710DDB8    keyed_name : CADIntegration_SystemSetting    type : Form  
********** Start of reference checking ************
checking item with get action:<Item type="Method" action="get" select="id"><name>CADIntegration_SystemSetting</name></Item>
-> was obtained from cache
checking item with get action:<Item type="Method" action="get" select="id"><name>CADIntegration_SystemSettingForm</name></Item>
-> was obtained from cache
<Item type='ItemType' action='get' select='id'><name>Form</name><Relationships><Item type='Property' action='get' select='name'/><Item type='RelationshipType' action='get' select='name'/></Relationships></Item>
  was obtained from cache
<Item type='ItemType' action='get' select='id'><name>Body</name><Relationships><Item type='Property' action='get' select='name'/><Item type='RelationshipType' action='get' select='name'/></Relationships></Item>
  was obtained from cache
<Item type='ItemType' action='get' select='id'><name>Field</name><Relationships><Item type='Property' action='get' select='name'/><Item type='RelationshipType' action='get' select='name'/></Relationships></Item>
  was obtained from cache
<Item type='ItemType' action='get' select='id'><name>Field</name><Relationships><Item type='Property' action='get' select='name'/><Item type='RelationshipType' action='get' select='name'/></Relationships></Item>
  was obtained from cache
<Item type='ItemType' action='get' select='id'><name>Field Event</name><Relationships><Item type='Property' action='get' select='name'/><Item type='RelationshipType' action='get' select='name'/></Relationships></Item>
  was obtained from cache
<Item type='ItemType' action='get' select='id'><name>Field</name><Relationships><Item type='Property' action='get' select='name'/><Item type='RelationshipType' action='get' select='name'/></Relationships></Item>
  was obtained from cache
<Item type='ItemType' action='get' select='id'><name>Field</name><Relationships><Item type='Property' action='get' select='name'/><Item type='RelationshipType' action='get' select='name'/></Relationships></Item>
  was obtained from cache
<Item type='ItemType' action='get' select='id'><name>Field</name><Relationships><Item type='Property' action='get' select='name'/><Item type='RelationshipType' action='get' select='name'/></Relationships></Item>
  was obtained from cache
<Item type='ItemType' action='get' select='id'><name>Field</name><Relationships><Item type='Property' action='get' select='name'/><Item type='RelationshipType' action='get' select='name'/></Relationships></Item>
  was obtained from cache
<Item type='ItemType' action='get' select='id'><name>Field</name><Relationships><Item type='Property' action='get' select='name'/><Item type='RelationshipType' action='get' select='name'/></Relationships></Item>
  was obtained from cache
<Item type='ItemType' action='get' select='id'><name>Field</name><Relationships><Item type='Property' action='get' select='name'/><Item type='RelationshipType' action='get' select='name'/></Relationships></Item>
  was obtained from cache
<Item type='ItemType' action='get' select='id'><name>Field</name><Relationships><Item type='Property' action='get' select='name'/><Item type='RelationshipType' action='get' select='name'/></Relationships></Item>
  was obtained from cache
<Item type='ItemType' action='get' select='id'><name>Field</name><Relationships><Item type='Property' action='get' select='name'/><Item type='RelationshipType' action='get' select='name'/></Relationships></Item>
  was obtained from cache
<Item type='ItemType' action='get' select='id'><name>Field</name><Relationships><Item type='Property' action='get' select='name'/><Item type='RelationshipType' action='get' select='name'/></Relationships></Item>
  was obtained from cache
<Item type='ItemType' action='get' select='id'><name>Field</name><Relationships><Item type='Property' action='get' select='name'/><Item type='RelationshipType' action='get' select='name'/></Relationships></Item>
  was obtained from cache
<Item type='ItemType' action='get' select='id'><name>Field</name><Relationships><Item type='Property' action='get' select='name'/><Item type='RelationshipType' action='get' select='name'/></Relationships></Item>
  was obtained from cache
<Item type='ItemType' action='get' select='id'><name>Field</name><Relationships><Item type='Property' action='get' select='name'/><Item type='RelationshipType' action='get' select='name'/></Relationships></Item>
  was obtained from cache
<Item type='ItemType' action='get' select='id'><name>Field</name><Relationships><Item type='Property' action='get' select='name'/><Item type='RelationshipType' action='get' select='name'/></Relationships></Item>
  was obtained from cache
<Item type='ItemType' action='get' select='id'><name>Field</name><Relationships><Item type='Property' action='get' select='name'/><Item type='RelationshipType' action='get' select='name'/></Relationships></Item>
  was obtained from cache
<Item type='ItemType' action='get' select='id'><name>Field</name><Relationships><Item type='Property' action='get' select='name'/><Item type='RelationshipType' action='get' select='name'/></Relationships></Item>
  was obtained from cache
<Item type='ItemType' action='get' select='id'><name>Field</name><Relationships><Item type='Property' action='get' select='name'/><Item type='RelationshipType' action='get' select='name'/></Relationships></Item>
  was obtained from cache
<Item type='ItemType' action='get' select='id'><name>Field</name><Relationships><Item type='Property' action='get' select='name'/><Item type='RelationshipType' action='get' select='name'/></Relationships></Item>
  was obtained from cache
<Item type='ItemType' action='get' select='id'><name>Field</name><Relationships><Item type='Property' action='get' select='name'/><Item type='RelationshipType' action='get' select='name'/></Relationships></Item>
  was obtained from cache
<Item type='ItemType' action='get' select='id'><name>Field</name><Relationships><Item type='Property' action='get' select='name'/><Item type='RelationshipType' action='get' select='name'/></Relationships></Item>
  was obtained from cache
<Item type='ItemType' action='get' select='id'><name>Field</name><Relationships><Item type='Property' action='get' select='name'/><Item type='RelationshipType' action='get' select='name'/></Relationships></Item>
  was obtained from cache
<Item type='ItemType' action='get' select='id'><name>Field</name><Relationships><Item type='Property' action='get' select='name'/><Item type='RelationshipType' action='get' select='name'/></Relationships></Item>
  was obtained from cache
<Item type='ItemType' action='get' select='id'><name>Field</name><Relationships><Item type='Property' action='get' select='name'/><Item type='RelationshipType' action='get' select='name'/></Relationships></Item>
  was obtained from cache
<Item type='ItemType' action='get' select='id'><name>Field</name><Relationships><Item type='Property' action='get' select='name'/><Item type='RelationshipType' action='get' select='name'/></Relationships></Item>
  was obtained from cache
<Item type='ItemType' action='get' select='id'><name>Field</name><Relationships><Item type='Property' action='get' select='name'/><Item type='RelationshipType' action='get' select='name'/></Relationships></Item>
  was obtained from cache
<Item type='ItemType' action='get' select='id'><name>Field</name><Relationships><Item type='Property' action='get' select='name'/><Item type='RelationshipType' action='get' select='name'/></Relationships></Item>
  was obtained from cache
<Item type='ItemType' action='get' select='id'><name>Field</name><Relationships><Item type='Property' action='get' select='name'/><Item type='RelationshipType' action='get' select='name'/></Relationships></Item>
  was obtained from cache
<Item type='ItemType' action='get' select='id'><name>Field</name><Relationships><Item type='Property' action='get' select='name'/><Item type='RelationshipType' action='get' select='name'/></Relationships></Item>
  was obtained from cache
<Item type='ItemType' action='get' select='id'><name>Form Event</name><Relationships><Item type='Property' action='get' select='name'/><Item type='RelationshipType' action='get' select='name'/></Relationships></Item>
  was obtained from cache
************* End of reference checking ************
Item successfully applied(add)   id : 36EA18C4E531493AA0A3EC99C710DDB8    keyed_name : CADIntegration_SystemSetting    type : Form  
Addi          ****ErrorMessage****
       無效的物件名稱 'CAD_CONFIGURATION_LIST'。
          ********************
Start of importing packages
Start of importing packages
start of execution : 09/21/2018 18:20:16
Updating tltc.cad.integration to 'inprogress' release status
       ****Import with merge option tltc.cad.integration****
Processing (add)   id : 83E142DEDB53411BB3B6709FF0932477    keyed_name : CADIntegration_GetItemtypeDataBy    type : Method  
********** Start of reference checking ************
<Item type='ItemType' action='get' select='id'><name>Method</name><Relationships><Item type='Property' action='get' select='name'/><Item type='RelationshipType' action='get' select='name'/></Relationships></Item>
  was obtained from cache
************* End of reference checking ************
Item successfully applied(add)   id : 83E142DEDB53411BB3B6709FF0932477    keyed_name : CADIntegration_GetItemtypeDataBy    type : Method  
Adding item into PackageDefinition with id = 8261373968DB4036BD179D4F1929A2BD and type = Method
Getting config_id  of versionable item  id  8261373968DB4036BD179D4F1929A2BD type Method
Item already exist in packdefinition  id  83E142DEDB53411BB3B6709FF0932477 type Method
Processing (add)   id : 5A3F83F3C00840DF80AC48B086B84F40    keyed_name : CADIntegration_SystemSetting    type : Method  
********** Start of reference checking ************
<Item type='ItemType' action='get' select='id'><name>Method</name><Relationships><Item type='Property' action='get' select='name'/><Item type='RelationshipType' action='get' select='name'/></Relationships></Item>
  was obtained from cache
************* End of reference checking ************
Item successfully applied(add)   id : 5A3F83F3C00840DF80AC48B086B84F40    keyed_name : CADIntegration_SystemSetting    type : Method  
Adding item into PackageDefinition with id = 4AB3FA396F774CFB9ED785F75654DDDB and type = Method
Getting config_id  of versionable item  id  4AB3FA396F774CFB9ED785F75654DDDB type Method
Item already exist in packdefinition  id  5A3F83F3C00840DF80AC48B086B84F40 type Method
Processing (add)   id : A1086CBA750244FABF09F0150C6080A4    keyed_name : CADIntegration_SystemSettingForm    type : Method  
********** Start of reference checking ************
<Item type='ItemType' action='get' select='id'><name>Method</name><Relationships><Item type='Property' action='get' select='name'/><Item type='RelationshipType' action='get' select='name'/></Relationships></Item>
  was obtained from cache
************* End of reference checking ************
Item successfully applied(add)   id : A1086CBA750244FABF09F0150C6080A4    keyed_name : CADIntegration_SystemSettingForm    type : Method  
Adding item into PackageDefinition with id = 07F062DBC828405B8823A3B02FE38DB4 and type = Method
Getting config_id  of versionable item  id  07F062DBC828405B8823A3B02FE38DB4 type Method
Item already exist in packdefinition  id  A1086CBA750244FABF09F0150C6080A4 type Method
Processing (add)   id : 046401394A4C4BFE99C1B06A0DB58330    keyed_name : tltcGetItemNumber    type : Method  
********** Start of reference checking ************
<Item type='ItemType' action='get' select='id'><name>Method</name><Relationships><Item type='Property' action='get' select='name'/><Item type='RelationshipType' action='get' select='name'/></Relationships></Item>
  was obtained from cache
************* End of reference checking ************
Item successfully applied(add)   id : 046401394A4C4BFE99C1B06A0DB58330    keyed_name : tltcGetItemNumber    type : Method  
Adding item into PackageDefinition with id = 4265174A905C4C09B6257E547A398BE2 and type = Method
Getting config_id  of versionable item  id  4265174A905C4C09B6257E547A398BE2 type Method
Item already exist in packdefinition  id  046401394A4C4BFE99C1B06A0DB58330 type Method
Processing (add)   id : 36EA18C4E531493AA0A3EC99C710DDB8    keyed_name : CADIntegration_SystemSetting    type : Form  
********** Start of reference checking ************
checking item with get action:<Item type="Method" action="get" select="id"><name>CADIntegration_SystemSetting</name></Item>
-> was obtained from cache
checking item with get action:<Item type="Method" action="get" select="id"><name>CADIntegration_SystemSettingForm</name></Item>
-> was obtained from cache
<Item type='ItemType' action='get' select='id'><name>Form</name><Relationships><Item type='Property' action='get' select='name'/><Item type='RelationshipType' action='get' select='name'/></Relationships></Item>
  was obtained from cache
<Item type='ItemType' action='get' select='id'><name>Body</name><Relationships><Item type='Property' action='get' select='name'/><Item type='RelationshipType' action='get' select='name'/></Relationships></Item>
  was obtained from cache
<Item type='ItemType' action='get' select='id'><name>Field</name><Relationships><Item type='Property' action='get' select='name'/><Item type='RelationshipType' action='get' select='name'/></Relationships></Item>
  was obtained from cache
<Item type='ItemType' action='get' select='id'><name>Field</name><Relationships><Item type='Property' action='get' select='name'/><Item type='RelationshipType' action='get' select='name'/></Relationships></Item>
  was obtained from cache
<Item type='ItemType' action='get' select='id'><name>Field Event</name><Relationships><Item type='Property' action='get' select='name'/><Item type='RelationshipType' action='get' select='name'/></Relationships></Item>
  was obtained from cache
<Item type='ItemType' action='get' select='id'><name>Field</name><Relationships><Item type='Property' action='get' select='name'/><Item type='RelationshipType' action='get' select='name'/></Relationships></Item>
  was obtained from cache
<Item type='ItemType' action='get' select='id'><name>Field</name><Relationships><Item type='Property' action='get' select='name'/><Item type='RelationshipType' action='get' select='name'/></Relationships></Item>
  was obtained from cache
<Item type='ItemType' action='get' select='id'><name>Field</name><Relationships><Item type='Property' action='get' select='name'/><Item type='RelationshipType' action='get' select='name'/></Relationships></Item>
  was obtained from cache
<Item type='ItemType' action='get' select='id'><name>Field</name><Relationships><Item type='Property' action='get' select='name'/><Item type='RelationshipType' action='get' select='name'/></Relationships></Item>
  was obtained from cache
<Item type='ItemType' action='get' select='id'><name>Field</name><Relationships><Item type='Property' action='get' select='name'/><Item type='RelationshipType' action='get' select='name'/></Relationships></Item>
  was obtained from cache
<Item type='ItemType' action='get' select='id'><name>Field</name><Relationships><Item type='Property' action='get' select='name'/><Item type='RelationshipType' action='get' select='name'/></Relationships></Item>
  was obtained from cache
<Item type='ItemType' action='get' select='id'><name>Field</name><Relationships><Item type='Property' action='get' select='name'/><Item type='RelationshipType' action='get' select='name'/></Relationships></Item>
  was obtained from cache
<Item type='ItemType' action='get' select='id'><name>Field</name><Relationships><Item type='Property' action='get' select='name'/><Item type='RelationshipType' action='get' select='name'/></Relationships></Item>
  was obtained from cache
<Item type='ItemType' action='get' select='id'><name>Field</name><Relationships><Item type='Property' action='get' select='name'/><Item type='RelationshipType' action='get' select='name'/></Relationships></Item>
  was obtained from cache
<Item type='ItemType' action='get' select='id'><name>Field</name><Relationships><Item type='Property' action='get' select='name'/><Item type='RelationshipType' action='get' select='name'/></Relationships></Item>
  was obtained from cache
<Item type='ItemType' action='get' select='id'><name>Field</name><Relationships><Item type='Property' action='get' select='name'/><Item type='RelationshipType' action='get' select='name'/></Relationships></Item>
  was obtained from cache
<Item type='ItemType' action='get' select='id'><name>Field</name><Relationships><Item type='Property' action='get' select='name'/><Item type='RelationshipType' action='get' select='name'/></Relationships></Item>
  was obtained from cache
<Item type='ItemType' action='get' select='id'><name>Field</name><Relationships><Item type='Property' action='get' select='name'/><Item type='RelationshipType' action='get' select='name'/></Relationships></Item>
  was obtained from cache
<Item type='ItemType' action='get' select='id'><name>Field</name><Relationships><Item type='Property' action='get' select='name'/><Item type='RelationshipType' action='get' select='name'/></Relationships></Item>
  was obtained from cache
<Item type='ItemType' action='get' select='id'><name>Field</name><Relationships><Item type='Property' action='get' select='name'/><Item type='RelationshipType' action='get' select='name'/></Relationships></Item>
  was obtained from cache
<Item type='ItemType' action='get' select='id'><name>Field</name><Relationships><Item type='Property' action='get' select='name'/><Item type='RelationshipType' action='get' select='name'/></Relationships></Item>
  was obtained from cache
<Item type='ItemType' action='get' select='id'><name>Field</name><Relationships><Item type='Property' action='get' select='name'/><Item type='RelationshipType' action='get' select='name'/></Relationships></Item>
  was obtained from cache
<Item type='ItemType' action='get' select='id'><name>Field</name><Relationships><Item type='Property' action='get' select='name'/><Item type='RelationshipType' action='get' select='name'/></Relationships></Item>
  was obtained from cache
<Item type='ItemType' action='get' select='id'><name>Field</name><Relationships><Item type='Property' action='get' select='name'/><Item type='RelationshipType' action='get' select='name'/></Relationships></Item>
  was obtained from cache
<Item type='ItemType' action='get' select='id'><name>Field</name><Relationships><Item type='Property' action='get' select='name'/><Item type='RelationshipType' action='get' select='name'/></Relationships></Item>
  was obtained from cache
<Item type='ItemType' action='get' select='id'><name>Field</name><Relationships><Item type='Property' action='get' select='name'/><Item type='RelationshipType' action='get' select='name'/></Relationships></Item>
  was obtained from cache
<Item type='ItemType' action='get' select='id'><name>Field</name><Relationships><Item type='Property' action='get' select='name'/><Item type='RelationshipType' action='get' select='name'/></Relationships></Item>
  was obtained from cache
<Item type='ItemType' action='get' select='id'><name>Field</name><Relationships><Item type='Property' action='get' select='name'/><Item type='RelationshipType' action='get' select='name'/></Relationships></Item>
  was obtained from cache
<Item type='ItemType' action='get' select='id'><name>Field</name><Relationships><Item type='Property' action='get' select='name'/><Item type='RelationshipType' action='get' select='name'/></Relationships></Item>
  was obtained from cache
<Item type='ItemType' action='get' select='id'><name>Field</name><Relationships><Item type='Property' action='get' select='name'/><Item type='RelationshipType' action='get' select='name'/></Relationships></Item>
  was obtained from cache
<Item type='ItemType' action='get' select='id'><name>Field</name><Relationships><Item type='Property' action='get' select='name'/><Item type='RelationshipType' action='get' select='name'/></Relationships></Item>
  was obtained from cache
<Item type='ItemType' action='get' select='id'><name>Field</name><Relationships><Item type='Property' action='get' select='name'/><Item type='RelationshipType' action='get' select='name'/></Relationships></Item>
  was obtained from cache
<Item type='ItemType' action='get' select='id'><name>Form Event</name><Relationships><Item type='Property' action='get' select='name'/><Item type='RelationshipType' action='get' select='name'/></Relationships></Item>
  was obtained from cache
************* End of reference checking ************
Item successfully applied(add)   id : 36EA18C4E531493AA0A3EC99C710DDB8    keyed_name : CADIntegration_SystemSetting    type : Form  
Addi          ****ErrorMessage****
       無效的物件名稱 'CAD_CONFIGURATION_LIST'。
          ********************
