Login successfully
Login :admin
Server   :http://localhost/sp12_test1
Database :sp12
Updating the list of Packages for target database 
Expanding the list of existing packages
Start of importing packages
start of execution : 09/21/2018 15:18:50
Updating tltc.cad.integration to 'inprogress' release status
      ****Import   tltc.cad.integration****
Processing (add)   id : 83E142DEDB53411BB3B6709FF0932477    keyed_name : CADIntegration_GetItemtypeDataBy    type : Method  
********** Start of reference checking ************
<Item type='ItemType' action='get' select='id'><name>Method</name><Relationships><Item type='Property' action='get' select='name'/><Item type='RelationshipType' action='get' select='name'/></Relationships></Item>
  was obtained from server
************* End of reference checking ************
Item successfully applied(add)   id : 83E142DEDB53411BB3B6709FF0932477    keyed_name : CADIntegration_GetItemtypeDataBy    type : Method  
Adding item into PackageDefinition with id = 83E142DEDB53411BB3B6709FF0932477 and type = Method
Getting config_id  of versionable item  id  83E142DEDB53411BB3B6709FF0932477 type Method
          ****ErrorMessage****
       無效的物件名稱 'CAD_CONFIGURATION_LIST'。          ****ErrorMessage****
       無效的物件名稱 'CAD_CONFIGURATION_LIST'。
          ********************
Start of importing packages
          ****ErrorMessage****
       無效的物件名稱 'CAD_CONFIGURATION_LIST'。
          ********************
Login successfully
Login :admin
Server   :http://localhost/plm
Database :CADTest
Updating the list of Packages for target database 
Expanding the list of existing packages
Start of importing packages
start of execution : 09/21/2018 15:21:55
Updating tltc.cad.integration to 'inprogress' release status
      ****Import   tltc.cad.integration****
Processing (add)   id : 83E142DEDB53411BB3B6709FF0932477    keyed_name : CADIntegration_GetItemtypeDataBy    type : Method  
Item successfully skipped   id : 83E142DEDB53411BB3B6709FF0932477    keyed_name : CADIntegration_GetItemtypeDataBy    type : Method  
Adding item into PackageDefinition with id = 83E142DEDB53411BB3B6709FF0932477 and type = Method
Getting config_id  of versionable item  id  83E142DEDB53411BB3B6709FF0932477 type Method
Item already exist in packdefinition  id  83E142DEDB53411BB3B6709FF0932477 type Method
Processing (add)   id : 5A3F83F3C00840DF80AC48B086B84F40    keyed_name : CADIntegration_SystemSetting    type : Method  
Item successfully skipped   id : 5A3F83F3C00840DF80AC48B086B84F40    keyed_name : CADIntegration_SystemSetting    type : Method  
Adding item into PackageDefinition with id = 5A3F83F3C00840DF80AC48B086B84F40 and type = Method
Getting config_id  of versionable item  id  5A3F83F3C00840DF80AC48B086B84F40 type Method
Item already exist in packdefinition  id  5A3F83F3C00840DF80AC48B086B84F40 type Method
Processing (add)   id : A1086CBA750244FABF09F0150C6080A4    keyed_name : CADIntegration_SystemSettingForm    type : Method  
Item successfully skipped   id : A1086CBA750244FABF09F0150C6080A4    keyed_name : CADIntegration_SystemSettingForm    type : Method  
Adding item into PackageDefinition with id = A1086CBA750244FABF09F0150C6080A4 and type = Method
Getting config_id  of versionable item  id  A1086CBA750244FABF09F0150C6080A4 type Method
Item already exist in packdefinition  id  A1086CBA750244FABF09F0150C6080A4 type Method
Processing (add)   id : 046401394A4C4BFE99C1B06A0DB58330    keyed_name : tltcGetItemNumber    type : Method  
Item successfully skipped   id : 046401394A4C4BFE99C1B06A0DB58330    keyed_name : tltcGetItemNumber    type : Method  
Adding item into PackageDefinition with id = 046401394A4C4BFE99C1B06A0DB58330 and type = Method
Getting config_id  of versionable item  id  046401394A4C4BFE99C1B06A0DB58330 type Method
Item already exist in packdefinition  id  046401394A4C4BFE99C1B06A0DB58330 type Method
Processing (add)   id : 5EF5A102A2B74B048467E3E70BCCCC5C    keyed_name : AutoCAD_PlotSetting    type : Form  
Item successfully skipped   id : 5EF5A102A2B74B048467E3E70BCCCC5C    keyed_name : AutoCAD_PlotSetting    type : Form  
Adding item into PackageDefinition with id = 5EF5A102A2B74B048467E3E70BCCCC5C and type = Form
Item already exist in packdefinition  id  5EF5A102A2B74B048467E3E70BCCCC5C type Form
Processing (add)   id : 46D56AFA5DC74E34B70D6D1E5AAA7720    keyed_name : CADIntegration_Bug    type : Form  
Item successfully skipped   id : 46D56AFA5DC74E34B70D6D1E5AAA7720    keyed_name : CADIntegration_Bug    type : Form  
Adding item into PackageDefinition with id = 46D56AFA5DC74E34B70D6D1E5AAA7720 and type = Form
Item already exist in packdefinition  id  46D56AFA5DC74E34B70D6D1E5AAA7720 type Form
Processing (add)   id : CCAB6AC74C414A4189089A6CC82467BF    keyed_name : CADIntegration_Setting    type : Form  
Item successfully skipped   id : CCAB6AC74C414A4189089A6CC82467BF    keyed_name : CADIntegration_Setting    type : Form  
Adding item into PackageDefinition with id = CCAB6AC74C414A4189089A6CC82467BF and type = Form
Item already exist in packdefinition  id  CCAB6AC74C414A4189089A6CC82467BF type Form
Processing (add)   id : 36EA18C4E531493AA0A3EC99C710DDB8    keyed_name : CADIntegration_SystemSetting    type : Form  
Item successfully skipped   id : 36EA18C4E531493AA0A3EC99C710DDB8    keyed_name : CADIntegration_SystemSetting    type : Form  
Adding item into PackageDefinition with id = 36EA18C4E531493AA0A3EC99C710DDB8 and type = Form
Item already exist in packdefinition  id  36EA18C4E531493AA0A3EC99C710DDB8 type Form
Processing (add)   id : 4261EA69133449AFBE6C62834F19525A    keyed_name : CAD_Mapping_Properties    type : Form  
Item successfully skipped   id : 4261EA69133449AFBE6C62834F19525A    keyed_name : CAD_Mapping_Properties    type : Form  
Adding item into PackageDefinition with id = 4261EA69133449AFBE6C62834F19525A and type = Form
Item already exist in packdefinition  id  4261EA69133449AFBE6C62834F19525A type Form
Processing (add)   id : A03037557DA44C83A33EA8583EC2CD2D    keyed_name : CAD_Result_Properties    type : Form  
Item successfully skipped   id : A03037557DA44C83A33EA8583EC2CD2D    keyed_name : CAD_Result_Properties    type : Form  
Adding item into PackageDefinition with id = A03037557DA44C83A33EA8583EC2CD2D and type = Form
Item already exist in packdefinition  id  A03037557DA44C83A33EA8583EC2CD2D type Form
Processing (add)   id : 25029FE4C0A945E28C472F85E5AD07CD    keyed_name : ProgramUpdate    type : Form  
Item successfully skipped   id : 25029FE4C0A945E28C472F85E5AD07CD    keyed_name : ProgramUpdate    type : Form  
Adding item into PackageDefinition with id = 25029FE4C0A945E28C472F85E5AD07CD and type = Form
Item already exist in packdefinition  id  25029FE4C0A945E28C472F85E5AD07CD type Form
Processing (add)   id : 209F9EB0E3E1440FB6C93B6B44688888    keyed_name : CADIntegration_Admin    type : ItemType  
Item successfully skipped   id : 209F9EB0E3E1440FB6C93B6B44688888    keyed_name : CADIntegration_Admin    type : ItemType  
Adding item into PackageDefinition with id = 209F9EB0E3E1440FB6C93B6B44688888 and type = ItemType
Item already exist in packdefinition  id  209F9EB0E3E1440FB6C93B6B44688888 type ItemType
Processing (add)   id : 40ACC3B536E84DAEB8CC0AA4FC7F5DA5    keyed_name : CADIntegration_Bug    type : ItemType  
Item successfully skipped   id : 40ACC3B536E84DAEB8CC0AA4FC7F5DA5    keyed_name : CADIntegration_Bug    type : ItemType  
Adding item into PackageDefinition with id = 40ACC3B536E84DAEB8CC0AA4FC7F5DA5 and type = ItemType
Item already exist in packdefinition  id  40ACC3B536E84DAEB8CC0AA4FC7F5DA5 type ItemType
Processing (add)   id : 9B03CC03CB2140658B09BEE47708BB76    keyed_name : CADIntegration_ChangeFlow    type : ItemType  
Item successfully skipped   id : 9B03CC03CB2140658B09BEE47708BB76    keyed_name : CADIntegration_ChangeFlow    type : ItemType  
Adding item into PackageDefinition with id = 9B03CC03CB2140658B09BEE47708BB76 and type = ItemType
Item already exist in packdefinition  id  9B03CC03CB2140658B09BEE47708BB76 type ItemType
Processing (add)   id : C0EA6D805BEE4A94B0F725E4B279C8CE    keyed_name : CADIntegration_Changeflow_Pro    type : ItemType  
Item successfully skipped   id : C0EA6D805BEE4A94B0F725E4B279C8CE    keyed_name : CADIntegration_Changeflow_Pro    type : ItemType  
Adding item into PackageDefinition with id = C0EA6D805BEE4A94B0F725E4B279C8CE and type = ItemType
Item already exist in packdefinition  id  C0EA6D805BEE4A94B0F725E4B279C8CE type ItemType
Processing (add)   id : CB5C7DEB95F749709209FDB110717281    keyed_name : CADIntegration_Setting    type : ItemType  
Item successfully skipped   id : CB5C7DEB95F749709209FDB110717281    keyed_name : CADIntegration_Setting    type : ItemType  
Adding item into PackageDefinition with id = CB5C7DEB95F749709209FDB110717281 and type = ItemType
Item already exist in packdefinition  id  CB5C7DEB95F749709209FDB110717281 type ItemType
Processing (edit)   id : CB5C7DEB95F749709209FDB110717281     type : ItemType  
********** Start of reference checking ************
<Item type='ItemType' action='get' select='id'><name>ItemType</name><Relationships><Item type='Property' action='get' select='name'/><Item type='RelationshipType' action='get' select='name'/></Relationships></Item>
  was obtained from server
<Item type='ItemType' action='get' select='id'><name>Property</name><Relationships><Item type='Property' action='get' select='name'/><Item type='RelationshipType' action='get' select='name'/></Relationships></Item>
  was obtained from server
<Item type='ItemType' action='get' select='id'><name>Property</name><Relationships><Item type='Property' action='get' select='name'/><Item type='RelationshipType' action='get' select='name'/></Relationships></Item>
  was obtained from cache
checking <data_source> reference to the ItemType
<Item type='ItemType' action='get' select='id'><name>Team</name></Item>
  was obtained from server
************* End of reference checking ************
Item successfully applied(edit)   id : CB5C7DEB95F749709209FDB110717281     type : ItemType  
Processing (add)   id : A6CCAEC9FCCA4BF2AB608362AE22DCAD    keyed_name : CAD_Configuration    type : ItemType  
Item successfully skipped   id : A6CCAEC9FCCA4BF2AB608362AE22DCAD    keyed_name : CAD_Configuration    type : ItemType  
Adding item into PackageDefinition with id = A6CCAEC9FCCA4BF2AB608362AE22DCAD and type = ItemType
Item already exist in packdefinition  id  A6CCAEC9FCCA4BF2AB608362AE22DCAD type ItemType
Processing (edit)   id : A6CCAEC9FCCA4BF2AB608362AE22DCAD     type : ItemType  
********** Start of reference checking ************
<Item type='ItemType' action='get' select='id'><name>ItemType</name><Relationships><Item type='Property' action='get' select='name'/><Item type='Relationshi          ****ErrorMessage****
       Property already exists.Violation of PRIMARY KEY constraint.
          ********************
Start of importing packages
start of execution : 09/21/2018 15:22:10
Updating tltc.cad.integration to 'inprogress' release status
       ****Import with merge option tltc.cad.integration****
Processing (add)   id : 83E142DEDB53411BB3B6709FF0932477    keyed_name : CADIntegration_GetItemtypeDataBy    type : Method  
********** Start of reference checking ************
<Item type='ItemType' action='get' select='id'><name>Method</name><Relationships><Item type='Property' action='get' select='name'/><Item type='RelationshipType' action='get' select='name'/></Relationships></Item>
  was obtained from server
************* End of reference checking ************
Item successfully applied(add)   id : 83E142DEDB53411BB3B6709FF0932477    keyed_name : CADIntegration_GetItemtypeDataBy    type : Method  
Adding item into PackageDefinition with id = DBEDDFB05D11429EADAE5A640765277D and type = Method
Getting config_id  of versionable item  id  DBEDDFB05D11429EADAE5A640765277D type Method
Item already exist in packdefinition  id  83E142DEDB53411BB3B6709FF0932477 type Method
Processing (add)   id : 5A3F83F3C00840DF80AC48B086B84F40    keyed_name : CADIntegration_SystemSetting    type : Method  
********** Start of reference checking ************
<Item type='ItemType' action='get' select='id'><name>Method</name><Relationships><Item type='Property' action='get' select='name'/><Item type='RelationshipType' action='get' select='name'/></Relationships></Item>
  was obtained from cache
************* End of reference checking ************
Item successfully applied(add)   id : 5A3F83F3C00840DF80AC48B086B84F40    keyed_name : CADIntegration_SystemSetting    type : Method  
Adding item into PackageDefinition with id = 873E245B0665474A9659E55AD55DEBDD and type = Method
Getting config_id  of versionable item  id  873E245B0665474A9659E55AD55DEBDD type Method
Item already exist in packdefinition  id  5A3F83F3C00840DF80AC48B086B84F40 type Method
Processing (add)   id : A1086CBA750244FABF09F0150C6080A4    keyed_name : CADIntegration_SystemSettingForm    type : Method  
********** Start of reference checking ************
<Item type='ItemType' action='get' select='id'><name>Method</name><Relationships><Item type='Property' action='get' select='name'/><Item type='RelationshipType' action='get' select='name'/></Relationships></Item>
  was obtained from cache
************* End of reference checking ************
Item successfully applied(add)   id : A1086CBA750244FABF09F0150C6080A4    keyed_name : CADIntegration_SystemSettingForm    type : Method  
Adding item into PackageDefinition with id = FF26000037824AD1A663DBE818553748 and type = Method
Getting config_id  of versionable item  id  FF26000037824AD1A663DBE818553748 type Method
Item already exist in packdefinition  id  A1086CBA750244FABF09F0150C6080A4 type Method
Processing (add)   id : 046401394A4C4BFE99C1B06A0DB58330    keyed_name : tltcGetItemNumber    type : Method  
********** Start of reference checking ************
<Item type='ItemType' action='get' select='id'><name>Method</name><Relationships><Item type='Property' action='get' select='name'/><Item type='RelationshipType' action='get' select='name'/></Relationships></Item>
  was obtained from cache
************* End of reference checking ************
Item successfully applied(add)   id : 046401394A4C4BFE99C1B06A0DB58330    keyed_name : tltcGetItemNumber    type : Method  
Adding item into PackageDefinition with id = 935E0B08F6884E199133DE62B173B3D7 and type = Method
Getting config_id  of versionable item  id  935E0B08F6884E199133DE62B173B3D7 type Method
Item already exist in packdefinition  id  046401394A4C4BFE99C1B06A0DB58330 type Method
Processing (add)   id : 5EF5A102A2B74B048467E3E70BCCCC5C    keyed_name : AutoCAD_PlotSetting    type : Form  
********** Start of reference checking ************
<Item type='ItemType' action='get' select='id'><name>Form</name><Relationships><Item type='Property' action='get' select='name'/><Item type='RelationshipType' action='get' select='name'/></Relationships></Item>
  was obtained from server
<Item type='ItemType' action='get' select='id'><name>Body</name><Relationships><Item type='Property' action='get' select='name'/><Item type='RelationshipType' action='get' select='name'/></Relationships></Item>
  was obtained from server
<Item type='ItemType' action='get' select='id'><name>Field</name><Relationships><Item type='Property' action='get' select='name'/><Item type='RelationshipType' action='get' select='name'/></Relationships></Item>
  was obtained from server
<Item type='ItemType' action='get' select='id'><name>Field</name><Relationships><Item type='Property' action='get' select='name'/><Item type='RelationshipType' action='get' select='name'/></Relationships></Item>
  was obtained from cache
<Item type='ItemType' action='get' select='id'><name>Field</name><Relationships><Item type='Property' action='get' select='name'/><Item type='RelationshipType' action='get' select='name'/></Relationships></Item>
  was obtained from cache
<Item type='ItemType' action='get' select='id'><name>Field</name><Relationships><Item type='Property' action='get' select='name'/><Item type='RelationshipType' action='get' select='name'/></Relationships></Item>
  was obtained from cache
<Item type='ItemType' action='get' select='id'><name>Field</name><Relationships><Item type='Property' action='get' select='name'/><Item type='RelationshipType' action='get' select='name'/></Relationships></Item>
  was obtained from cache
************* End of reference checking ************
Item successfully applied(add)   id : 5EF5A102A2B74B048467E3E70BCCCC5C    keyed_name : AutoCAD_PlotSetting    type : Form  
Adding item into PackageDefinition with id = 5EF5A102A2B74B048467E3E70BCCCC5C and type = Form
Item already exist in packdefinition  id  5EF5A102A2B74B048467E3E70BCCCC5C type Form
Processing (add)   id : 46D56AFA5DC74E34B70D6D1E5AAA7720    keyed_name : CADIntegration_Bug    type : Form  
********** Start of reference checking ************
<Item type='ItemType' action='get' select='id'><name>Form</name><Relationships><Item type='Property' action='get' select='name'/><Item type='RelationshipType' action='get' select='name'/></Relationships></Item>
  was obtained from cache
<Item type='ItemType' action='get' select='id'><name>Body</name><Relationships><Item type='Property' action='get' select='name'/><Item type='RelationshipType' action='get' select='name'/></Relationships></Item>
  was obtained from cache
<Item type='ItemType' action='get' select='id'><name>Field</name><Relationships><Item type='Property' action='get' select='name'/><Item type='RelationshipType' action='get' select='name'/></Relationships></Item>
  was obtained from cache
<Item type='ItemType' action='get' select='id'><name>Field</name><Relationships><Item type='Property' action='get' select='name'/><Item type='RelationshipType' action='get' select='name'/></Relationships></Item>
  was obtained from cache
<Item type='ItemType' action='get' select='id'><name>Field</name><Relationships><Item type='Property' action='get' select='name'/><Item type='RelationshipType' action='get' select='name'/></Relationships></Item>
  was obtained from cache
<Item type='ItemType' action='get' select='id'><name>Field</name><Relationships><Item type='Property' action='get' select='name'/><Item type='RelationshipType' action='get' select='name'/></Relationships></Item>
  was obtained from cache
<Item type='ItemType' action='get' select='id'><name>Field</name><Relationships><Item type='Property' action='get' select='name'/><Item type='RelationshipType' action='get' select='name'/></Relationships></Item>
  was obtained from cache
<Item type='ItemType' action='get' select='id'><name>Field</name><Relationships><Item type='Property' action='get' select='name'/><Item type='RelationshipType' action='get' select='name'/></Relationships></Item>
  was obtained from cache
************* End of reference checking ************
Item successfully applied(add)   id : 46D56AFA5DC74E34B70D6D1E5AAA7720    keyed_name : CADIntegration_Bug    type : Form  
Adding item into PackageDefinition with id = 46D56AFA5DC74E34B70D6D1E5AAA7720 and type = Form
Item already exist in packdefinition  id  46D56AFA5DC74E34B70D6D1E5AAA7720 type Form
Processing (add)   id : CCAB6AC74C414A4189089A6CC82467BF    keyed_name : CADIntegration_Setting    type : Form  
********** Start of reference checking ************
<Item type='ItemType' action='get' select='id'><name>Form</name><Relationships><Item type='Property' action='get' select='name'/><Item type='RelationshipType' action='get' select='name'/></Relationships></Item>
  was obtained from cache
<Item type='ItemType' action='get' select='id'><name>Body</name><Relationships><Item type='Property' action='get' select='name'/><Item type='RelationshipType' action='get' select='name'/></Relationships></Item>
  was obtained from cache
<Item type='ItemType' action='get' select='id'><name>Field</name><Relationships><Item type='Property' action='get' select='name'/><Item type='RelationshipType' action='get' select='name'/></Relationships></Item>
  was obtained from cache
<Item type='ItemType' action='get' select='id'><name>Field</name><Relationships><Item type='Property' action='get' select='name'/><Item type='RelationshipType' action='get' select='name'/></Relationships></Item>
  was obtained from cache
<Item type='ItemType' action='get' select='id'><name>Field</name><Relationships><Item type='Property' action='get' select='name'/><Item type='RelationshipType' action='get' select='name'/></Relationships></Item>
  was obtained from cache
<Item type='ItemType' action='get' select='id'><name>Field</name><Relationships><Item type='Property' action='get' select='name'/><Item type='RelationshipType' action='get' select='name'/></Relationships></Item>
  was obtained from cache
<Item type='ItemType' action='get' select='id'><name>Field</name><Relationships><Item type='Property' action='get' select='name'/><Item type='RelationshipType' action='get' select='name'/></Relationships></Item>
  was obtained from cache
<Item type='ItemType' action='get' select='id'><name>Field</name><Relationships><Item type='Property' action='get' select='name'/><Item type='RelationshipType' action='get' select='name'/></Relationships></Item>
  was obtained from cache
<Item type='ItemType' action='get' select='id'><name>Field</name><Relationships><Item type='Property' action='get' select='name'/><Item type='RelationshipType' action='get' select='name'/></Relationships></Item>
  was obtained from cache
<Item type='ItemType' action='get' select='id'><name>Field</name><Relationships><Item type='Property' action='get' select='name'/><Item type='RelationshipType' action='get' select='name'/></Relationships></Item>
  was obtained from cache
<Item type='ItemType' action='get' select='id'><name>Field</name><Relationships><Item type='Property' action='get' select='name'/><Item type='RelationshipType' action='get' select='name'/></Relationships></Item>
  was obtained from cache
************* End of reference checking ************
Item successfully applied(add)   id : CCAB6AC74C414A4189089A6CC82467BF    keyed_name : CADIntegration_Setting    type : Form  
Adding item into PackageDefinition with id = CCAB6AC74C414A4189089A6CC82467BF and type = Form
Item already exist in packdefinition  id  CCAB6AC74C414A4189089A6CC82467BF type Form
Processing (add)   id : 36EA18C4E531493AA0A3EC99C710DDB8    keyed_name : CADIntegration_SystemSetting    type : Form  
********** Start of reference checking ************
checking item with get action:<Item type="Method" action="get" select="id"><name>CADIntegration_SystemSetting</name></Item>
-> was obtained from server
checking item with get action:<Item type="Method" action="get" select="id"><name>CADIntegration_SystemSettingForm</name></Item>
-> was obtained from server
<Item type='ItemType' action='get' select='id'><name>Form</name><Relationships><Item type='Property' action='get' select='name'/><Item type='RelationshipType' action='get' select='name'/></Relationships></Item>
  was obtained from cache
<Item type='ItemType' action='get' select='id'><name>Body</name><Relationships><Item type='Property' action='get' select='name'/><Item type='RelationshipType' action='get' select='name'/></Relationships></Item>
  was obtained from cache
<Item type='ItemType' action='get' select='id'><name>Field</name><Relationships><Item type='Property' action='get' select='name'/><Item type='RelationshipType' action='get' select='name'/></Relationships></Item>
  was obtained from cache
<Item type='ItemType' action='get' select='id'><name>Field</name><Relationships><Item type='Property' action='get' select='name'/><Item type='RelationshipType' action='get' select='name'/></Relationships></Item>
  was obtained from cache
<Item type='ItemType' action='get' select='id'><name>Field Event</name><Relationships><Item type='Property' action='get' select='name'/><Item type='RelationshipType' action='get' select='name'/></Relationships></Item>
  was obtained from server
<Item type='ItemType' action='get' select='id'><name>Field</name><Relationships><Item type='Property' action='get' select='name'/><Item type='RelationshipType' action='get' select='name'/></Relationships></Item>
  was obtained from cache
<Item type='ItemType' action='get' select='id'><name>Field</name><Relationships><Item type='Property' action='get' select='name'/><Item type='RelationshipType' action='get' select='name'/></Relationships></Item>
  was obtained from cache
<Item type='ItemType' action='get' select='id'><name>Field</name><Relationships><Item type='Property' action='get' select='name'/><Item type='RelationshipType' action='get' select='name'/></Relationships></Item>
  was obtained from cache
<Item type='ItemType' action='get' select='id'><name>Field</name><Relationships><Item type='Property' action='get' select='name'/><Item type='RelationshipType' action='get' select='name'/></Relationships></Item>
  was obtained from cache
<Item type='ItemType' action='get' select='id'><name>Field</name><Relationships><Item type='Property' action='get' select='name'/><Item type='RelationshipType' action='get' select='name'/></Relationships></Item>
  was obtained from cache
<Item type='ItemType' action='get' select='id'><name>Field</name><Relationships><Item type='Property' action='get' select='name'/><Item type='RelationshipType' action='get' select='name'/></Relationships></Item>
  was obtained from cache
<Item type='ItemType' action='get' select='id'><name>Field</name><Relationships><Item type='Property' action='get' select='name'/><Item type='RelationshipType' action='get' select='name'/></Relationships></Item>
  was obtained from cache
<Item type='ItemType' action='get' select='id'><name>Field</name><Relationships><Item type='Property' action='get' select='name'/><Item type='RelationshipType' action='get' select='name'/></Relationships></Item>
  was obtained from cache
<Item type='ItemType' action='get' select='id'><name>Field</name><Relationships><Item type='Property' action='get' select='name'/><Item type='RelationshipType' action='get' select='name'/></Relationships></Item>
  was obtained from cache
<Item type='ItemType' action='get' select='id'><name>Field</name><Relationships><Item type='Property' action='get' select='name'/><Item type='RelationshipType' action='get' select='name'/></Relationships></Item>
  was obtained from cache
<Item type='ItemType' action='get' select='id'><name>Field</name><Relationships><Item type='Property' action='get' select='name'/><Item type='RelationshipType' action='get' select='name'/></Relationships></Item>
  was obtained from cache
<Item type='ItemType' action='get' select='id'><name>Field</name><Relationships><Item type='Property' action='get' select='name'/><Item type='RelationshipType' action='get' select='name'/></Relationships></Item>
  was obtained from cache
<Item type='ItemType' action='get' select='id'><name>Field</name><Relationships><Item type='Property' action='get' select='name'/><Item type='RelationshipType' action='get' select='name'/></Relationships></Item>
  was obtained from cache
<Item type='ItemType' action='get' select='id'><name>Field</name><Relationships><Item type='Property' action='get' select='name'/><Item type='RelationshipType' action='get' select='name'/></Relationships></Item>
  was obtained from cache
<Item type='ItemType' action='get' select='id'><name>Field</name><Relationships><Item type='Property' action='get' select='name'/><Item type='RelationshipType' action='get' select='name'/></Relationships></Item>
  was obtained from cache
<Item type='ItemType' action='get' select='id'><name>Field</name><Relationships><Item type='Property' action='get' select='name'/><Item type='RelationshipType' action='get' select='name'/></Relationships></Item>
  was obtained from cache
<Item type='ItemType' action='get' select='id'><name>Field</name><Relationships><Item type='Property' action='get' select='name'/><Item type='RelationshipType' action='get' select='name'/></Relationships></Item>
  was obtained from cache
<Item type='ItemType' action='get' select='id'><name>Field</name><Relationships><Item type='Property' action='get' select='name'/><Item type='RelationshipType' action='get' select='name'/></Relationships></Item>
  was obtained from cache
<Item type='ItemType' action='get' select='id'><name>Field</name><Relationships><Item type='Property' action='get' select='name'/><Item type='RelationshipType' action='get' select='name'/></Relationships></Item>
  was obtained from cache
<Item type='ItemType' action='get' select='id'><name>Field</name><Relationships><Item type='Property' action='get' select='name'/><Item type='RelationshipType' action='get' select='name'/></Relationships></Item>
  was obtained from cache
<Item type='ItemType' action='get' select='id'><name>Field</name><Relationships><Item type='Property' action='get' select='name'/><Item type='RelationshipType' action='get' select='name'/></Relationships></Item>
  was obtained from cache
<Item type='ItemType' action='get' select='id'><name>Field</name><Relationships><Item type='Property' action='get' select='name'/><Item type='RelationshipType' action='get' select='name'/></Relationships></Item>
  was obtained from cache
<Item type='ItemType' action='get' select='id'><name>Field</name><Relationships><Item type='Property' action='get' select='name'/><Item type='RelationshipType' action='get' select='name'/></Relationships></Item>
  was obtained from cache
<Item type='ItemType' action='get' select='id'><name>Field</name><Relationships><Item type='Property' action='get' select='name'/><Item type='RelationshipType' action='get' select='name'/></Relationships></Item>
  was obtained from cache
<Item type='ItemType' action='get' select='id'><name>Field</name><Relationships><Item type='Property' action='get' select='name'/><Item type='RelationshipType' action='get' select='name'/></Relationships></Item>
  was obtained from cache
<Item type='ItemType' action='get' select='id'><name>Field</name><Relationships><Item type='Property' action='get' select='name'/><Item type='RelationshipType' action='get' select='name'/></Relationships></Item>
  was obtained from cache
<Item type='ItemType' action='get' select='id'><name>Field</name><Relationships><Item type='Property' action='get' select='name'/><Item type='RelationshipType' action='get' select='name'/></Relationships></Item>
  was obtained from cache
<Item type='ItemType' action='get' select='id'><name>Form Event</name><Relationships><Item type='Property' action='get' select='name'/><Item type='RelationshipType' action='get' select='name'/></Relationships></Item>
  was obtained from server
************* End of reference checking ************
Item successfully applied(add)   id : 36EA18C4E531493AA0A3EC99C710DDB8    keyed_name : CADIntegration_SystemSetting    type : Form  
Adding item into PackageDefinition with id = 36EA18C4E531493AA0A3EC99C710DDB8 and type = Form
Item already exist in packdefinition  id  36EA18C4E531493AA0A3EC99C710DDB8 type Form
Processing (add)   id : 4261EA69133449AFBE6C62834F19525A    keyed_name : CAD_Mapping_Properties    type : Form  
********** Start of reference checking ************
<Item type='ItemType' action='get' select='id'><name>Form</name><Relationships><Item type='Property' action='get' select='name'/><Item type='RelationshipType' action='get' select='name'/></Relationships></Item>
  was obtained from cache
<Item type='ItemType' action='get' select='id'><name>Body</name><Relationships><Item type='Property' action='get' select='name'/><Item type='RelationshipType' action='get' select='name'/></Relationships></Item>
  was obtained from cache
<Item type='ItemType' action='get' select='id'><name>Field</name><Relationships><Item type='Property' action='get' select='name'/><Item type='RelationshipType' action='get' select='name'/></Relationships></Item>
  was obtained from cache
<Item type='ItemType' action='get' select='id'><name>Field</name><Relationships><Item type='Property' action='get' select='name'/><Item type='RelationshipType' action='get' select='name'/></Relationships></Item>
  was obtained from cache
<Item type='ItemType' action='get' select='id'><name>Field</name><Relationships><Item type='Property' action='get' select='name'/><Item type='RelationshipType' action='get' select='name'/></Relationships></Item>
  was obtained from cache
<Item type='ItemType' action='get' select='id'><name>Field</name><Relationships><Item type='Property' action='get' select='name'/><Item type='RelationshipType' action='get' select='name'/></Relationships></Item>
  was obtained from cache
************* End of reference checking ************
Item successfully applied(add)   id : 4261EA69133449AFBE6C62834F19525A    keyed_name : CAD_Mapping_Properties    type : Form  
Adding item into PackageDefinition with id = 4261EA69133449AFBE6C62834F19525A and type = Form
Item already exist in packdefinition  id  4261EA69133449AFBE6C62834F19525A type Form
Processing (add)   id : A03037557DA44C83A33EA8583EC2CD2D    keyed_name : CAD_Result_Properties    type : Form  
********** Start of reference checking ************
<Item type='ItemType' action='get' select='id'><name>Form</name><Relationships><Item type='Property' action='get' select='name'/><Item type='RelationshipType' action='get' select='name'/></Relationships></Item>
  was obtained from cache
<Item type='ItemType' action='get' select='id'><name>Body</name><Relationships><Item type='Property' action='get' select='name'/><Item type='RelationshipType' action='get' select='name'/></Relationships></Item>
  was obtained from cache
<Item type='ItemType' action='get' select='id'><name>Field</name><Relationships><Item type='Property' action='get' select='name'/><Item type='RelationshipType' action='get' select='name'/></Relationships></Item>
  was obtained from cache
<Item type='ItemType' action='get' select='id'><name>Field</name><Relationships><Item type='Property' action='get' select='name'/><Item type='RelationshipType' action='get' select='name'/></Relationships></Item>
  was obtained from cache
************* End of reference checking ************
Item successfully applied(add)   id : A03037557DA44C83A33EA8583EC2CD2D    keyed_name : CAD_Result_Properties    type : Form  
Adding item into PackageDefinition with id = A03037557DA44C83A33EA8583EC2CD2D and type = Form
Item already exist in packdefinition  id  A03037557DA44C83A33EA8583EC2CD2D type Form
Processing (add)   id : 25029FE4C0A945E28C472F85E5AD07CD    keyed_name : ProgramUpdate    type : Form  
********** Start of reference checking ************
<Item type='ItemType' action='get' select='id'><name>Form</name><Relationships><Item type='Property' action='get' select='name'/><Item type='RelationshipType' action='get' select='name'/></Relationships></Item>
  was obtained from cache
<Item type='ItemType' action='get' select='id'><name>Body</name><Relationships><Item type='Property' action='get' select='name'/><Item type='RelationshipType' action='get' select='name'/></Relationships></Item>
  was obtained from cache
<Item type='ItemType' action='get' select='id'><name>Field</name><Relationships><Item type='Property' action='get' select='name'/><Item type='RelationshipType' action='get' select='name'/></Relationships></Item>
  was obtained from cache
<Item type='ItemType' action='get' select='id'><name>Field</name><Relationships><Item type='Property' action='get' select='name'/><Item type='RelationshipType' action='get' select='name'/></Relationships></Item>
  was obtained from cache
<Item type='ItemType' action='get' select='id'><name>Field</name><Relationships><Item type='Property' action='get' select='name'/><Item type='RelationshipType' action='get' select='name'/></Relationships></Item>
  was obtained from cache
<Item type='ItemType' action='get' select='id'><name>Field</name><Relationships><Item type='Property' action='get' select='name'/><Item type='RelationshipType' action='get' select='name'/></Relationships></Item>
  was obtained from cache
<Item type='ItemType' action='get' select='id'><name>Field</name><Relationships><Item type='Property' action='get' select='name'/><Item type='RelationshipType' action='get' select='name'/></Relationships></Item>
  was obtained from cache
************* End of reference checking ************
Item successfully applied(add)   id : 25029FE4C0A945E28C472F85E5AD07CD    keyed_name : ProgramUpdate    type : Form  
Adding item into PackageDefinition with id = 25029FE4C0A945E28C472F85E5AD07CD and type = Form
Item already exist in packdefinition  id  25029FE4C0A945E28C472F85E5AD07CD type Form
Processing (add)   id : 209F9EB0E3E1440FB6C93B6B44688888    keyed_name : CADIntegration_Admin    type : ItemType  
********** Start of reference checking ************
checking item with get action:<Item type="Identity" action="get" select="id"><name>World</name></Item>
-> was obtained from server
checking item with get action:<Item type="Identity" action="get" select="id"><name>Innovator Admin</name></Item>
-> was obtained from server
checking item with get action:<Item type="Identity" action="get" select="id"><name>Innovator Admin</name></Item>
-> was obtained from cache
<Item type='ItemType' action='get' select='id'><name>ItemType</name><Relationships><Item type='Property' action='get' select='name'/><Item type='RelationshipType' action='get' select='name'/></Relationships></Item>
  was obtained from cache
<Item type='ItemType' action='get' select='id'><name>Property</name><Relationships><Item type='Property' action='get' select='name'/><Item type='RelationshipType' action='get' select='name'/></Relationships></Item>
  was obtained from cache
<Item type='ItemType' action='get' select='id'><name>Property</name><Relationships><Item type='Property' action='get' select='name'/><Item type='RelationshipType' action='get' select='name'/></Relationships></Item>
  was obtained from cache
<Item type='ItemType' action='get' select='id'><name>View</name><Relationships><Item type='Property' action='get' select='name'/><Item type='RelationshipType' action='get' select='name'/></Relationships></Item>
  was obtained from server
<Item type='ItemType' action='get' select='id'><name>TOC Access</name><Relationships><Item type='Property' action='get' select='name'/><Item type='RelationshipType' action='get' select='name'/></Relationships></Item>
  was obtained from server
<Item type='ItemType' action='get' select='id'><name>Can Add</name><Relationships><Item type='Property' action='get' select='name'/><Item type='RelationshipType' action='get' select='name'/></Relationships></Item>
  was obtained from server
<Item type='ItemType' action='get' select='id'><name>Allowed Permission</name><Relationships><Item type='Property' action='get' select='name'/><Item type='RelationshipType' action='get' select='name'/></Relationships></Item>
  was obtained from server
checking <data_source> reference to list/sequence
<Item action='get' type='list' select='id'><id>11A953CA5A5E4BCD8EC9758C7E4B6E92</id></Item>
  was obtained from server
checking for related items
<Item type='Form' action='get' levels='0'><id>36EA18C4E531493AA0A3EC99C710DDB8</id></Item>
   was obtained from server
checking for related items
<Item type='Permission' action='get' levels='0'><id>9122CD065CF04141B8EFE263FC80BEA4</id></Item>
   was obtained from server
************* End of reference checking ************
Item successfully applied(add)   id : 209F9EB0E3E1440FB6C93B6B44688888    keyed_name : CADIntegration_Admin    type : ItemType  
Adding item into PackageDefinition with id = 209F9EB0E3E1440FB6C93B6B44688888 and type = ItemType
Item already exist in packdefinition  id  209F9EB0E3E1440FB6C93B6B44688888 type ItemType
Processing (add)   id : 40ACC3B536E84DAEB8CC0AA4FC7F5DA5    keyed_name : CADIntegration_Bug    type : ItemType  
********** Start of reference checking ************
checking item with get action:<Item type="Identity" action="get" select="id"><name>World</name></Item>
-> was obtained from cache
checking item with get action:<Item type="Identity" action="get" select="id"><name>World</name></Item>
-> was obtained from cache
<Item type='ItemType' action='get' select='id'><name>ItemType</name><Relationships><Item type='Property' action='get' select='name'/><Item type='RelationshipType' action='get' select='name'/></Relationships></Item>
  was obtained from cache
<Item type='ItemType' action='get' select='id'><name>Property</name><Relationships><Item type='Property' action='get' select='name'/><Item type='RelationshipType' action='get' select='name'/></Relationships></Item>
  was obtained from cache
<Item type='ItemType' action='get' select='id'><name>Property</name><Relationships><Item type='Property' action='get' select='name'/><Item type='RelationshipType' action='get' select='name'/></Relationships></Item>
  was obtained from cache
<Item type='ItemType' action='get' select='id'><name>Property</name><Relationships><Item type='Property' action='get' select='name'/><Item type='RelationshipType' action='get' select='name'/></Relationships></Item>
  was obtained from cache
<Item type='ItemType' action='get' select='id'><name>Property</name><Relationships><Item type='Property' action='get' select='name'/><Item type='RelationshipType' action='get' select='name'/></Relationships></Item>
  was obtained from cache
<Item type='ItemType' action='get' select='id'><name>Property</name><Relationships><Item type='Property' action='get' select='name'/><Item type='RelationshipType' action='get' select='name'/></Relationships></Item>
  was obtained from cache
<Item type='ItemType' action='get' select='id'><name>Property</name><Relationships><Item type='Property' action='get' select='name'/><Item type='RelationshipType' action='get' select='name'/></Relationships></Item>
  was obtained from cache
<Item type='ItemType' action='get' select='id'><name>Property</name><Relationships><Item type='Property' action='get' select='name'/><Item type='RelationshipType' action='get' select='name'/></Relationships></Item>
  was obtained from cache
<Item type='ItemType' action='get' select='id'><name>Property</name><Relationships><Item type='Property' action='get' select='name'/><Item type='RelationshipType' action='get' select='name'/></Relationships></Item>
  was obtained from cache
<Item type='ItemType' action='get' select='id'><name>Property</name><Relationships><Item type='Property' action='get' select='name'/><Item type='RelationshipType' action='get' select='name'/></Relationships></Item>
  was obtained from cache
<Item type='ItemType' action='get' select='id'><name>Property</name><Relationships><Item type='Property' action='get' select='name'/><Item type='RelationshipType' action='get' select='name'/></Relationships></Item>
  was obtained from cache
<Item type='ItemType' action='get' select='id'><name>Property</name><Relationships><Item type='Property' action='get' select='name'/><Item type='RelationshipType' action='get' select='name'/></Relationships></Item>
  was obtained from cache
<Item type='ItemType' action='get' select='id'><name>Property</name><Relationships><Item type='Property' action='get' select='name'/><Item type='RelationshipType' action='get' select='name'/></Relationships></Item>
  was obtained from cache
<Item type='ItemType' action='get' select='id'><name>Property</name><Relationships><Item type='Property' action='get' select='name'/><Item type='RelationshipType' action='get' select='name'/></Relationships></Item>
  was obtained from cache
<Item type='ItemType' action='get' select='id'><name>Property</name><Relationships><Item type='Property' action='get' select='name'/><Item type='RelationshipType' action='get' select='name'/></Relationships></Item>
  was obtained from cache
<Item type='ItemType' action='get' select='id'><name>View</name><Relationships><Item type='Property' action='get' select='name'/><Item type='RelationshipType' action='get' select='name'/></Relationships></Item>
  was obtained from cache
<Item type='ItemType' action='get' select='id'><name>TOC Access</name><Relationships><Item type='Property' action='get' select='name'/><Item type='RelationshipType' action='get' select='name'/></Relationships></Item>
  was obtained from cache
<Item type='ItemType' action='get' select='id'><name>TOC View</name><Relationships><Item type='Property' action='get' select='name'/><Item type='RelationshipType' action='get' select='name'/></Relationships></Item>
  was obtained from server
<Item type='ItemType' action='get' select='id'><name>Can Add</name><Relationships><Item type='Property' action='get' select='name'/><Item type='RelationshipType' action='get' select='name'/></Relationships></Item>
  was obtained from cache
<Item type='ItemType' action='get' select='id'><name>Allowed Permission</name><Relationships><Item type='Property' action='get' select='name'/><Item type='RelationshipType' action='get' select='name'/></Relationships></Item>
  was obtained from cache
checking <data_source> reference to the ItemType
<Item type='ItemType' action='get' select='id'><name>File</name></Item>
  was obtained from server
checking for related items
<Item type='Form' action='get' levels='0'><id>46D56AFA5DC74E34B70D6D1E5AAA7720</id></Item>
   was obtained from server
checking for related items
<Item type='Identity' action='get' levels='0'><id>2618D6F5A90949BAA7E920D1B04C7EE1</id></Item>
   was obtained from server
checking for related items
<Item type='Identity' action='get' levels='0'><id>2618D6F5A90949BAA7E920D1B04C7EE1</id></Item>
   was obtained from cache
checking for related items
<Item type='Permission' action='get' levels='0'><id>9122CD065CF04141B8EFE263FC80BEA4</id></Item>
   was obtained from cache
************* End of reference checking ************
Item successfully applied(add)   id : 40ACC3B536E84DAEB8CC0AA4FC7F5DA5    keyed_name : CADIntegration_Bug    type : ItemType  
Adding item into PackageDefinition with id = 40ACC3B536E84DAEB8CC0AA4FC7F5DA5 and type = ItemType
Item already exist in packdefinition  id  40ACC3B536E84DAEB8CC0AA4FC7F5DA5 type ItemType
Processing (add)   id : 9B03CC03CB2140658B09BEE47708BB76    keyed_name : CADIntegration_ChangeFlow    type : ItemType  
********** Start of reference checking ************
checking item with get action:<Item type="Identity" action="get" select="id"><name>World</name></Item>
-> was obtained from cache
<Item type='ItemType' action='get' select='id'><name>ItemType</name><Relationships><Item type='Property' action='get' select='name'/><Item type='RelationshipType' action='get' select='name'/></Relationships></Item>
  was obtained from cache
<Item type='ItemType' action='get' select='id'><name>Property</name><Relationships><Item type='Property' action='get' select='name'/><Item type='RelationshipType' action='get' select='name'/></Relationships></Item>
  was obtained from cache
<Item type='ItemType' action='get' select='id'><name>View</name><Relationships><Item type='Property' action='get' select='name'/><Item type='RelationshipType' action='get' select='name'/></Relationships></Item>
  was obtained from cache
<Item type='ItemType' action='get' select='id'><name>TOC Access</name><Relationships><Item type='Property' action='get' select='name'/><Item type='RelationshipType' action='get' select='name'/></Relationships></Item>
  was obtained from cache
<Item type='ItemType' action='get' select='id'><name>Can Add</name><Relationships><Item type='Property' action='get' select='name'/><Item type='RelationshipType' action='get' select='name'/></Relationships></Item>
  was obtained from cache
<Item type='ItemType' action='get' select='id'><name>Allowed Permission</name><Relationships><Item type='Property' action='get' select='name'/><Item type='RelationshipType' action='get' select='name'/></Relationships></Item>
  was obtained from cache
checking <data_source> reference to the ItemType
<Item type='ItemType' action='get' select='id'><name>ItemType</name></Item>
  was obtained from server
checking for related items
<Item type='Form' action='get' levels='0'><id>7263F16E548440918A3B613025EC467F</id></Item>
checking for related items
<Item type='Identity' action='get' levels='0'><id>2618D6F5A90949BAA7E920D1B04C7EE1</id></Item>
   was obtained from cache
checking for related items
<Item type='Identity' action='get' levels='0'><id>2618D6F5A90949BAA7E920D1B04C7EE1</id></Item>
   was obtained from cache
checking for related items
<Item type='Permission' action='get' levels='0'><id>9122CD065CF04141B8EFE263FC80BEA4</id></Item>
   was obtained from cache
WARNING: The following portion of the AML 
<related_id keyed_name="CADIntegration_ChangeFlow" type="Form">7263F16E548440918A3B613025EC467F</related_id>
contains unresolved reference that will be tried to resolve at the end of the package import
************* End of reference checking ************
Item successfully applied(add)   id : 9B03CC03CB2140658B09BEE47708BB76    keyed_name : CADIntegration_ChangeFlow    type : ItemType  
Adding item into PackageDefinition with id = 9B03CC03CB2140658B09BEE47708BB76 and type = ItemType
Item already exist in packdefinition  id  9B03CC03CB2140658B09BEE47708BB76 type ItemType
Processing (add)   id : C0EA6D805BEE4A94B0F725E4B279C8CE    keyed_name : CADIntegration_Changeflow_Pro    type : ItemType  
********** Start of reference checking ************
checking item with get action:<Item type="Identity" action="get" select="id"><name>World</name></Item>
-> was obtained from cache
<Item type='ItemType' action='get' select='id'><name>ItemType</name><Relationships><Item type='Property' action='get' select='name'/><Item type='RelationshipType' action='get' select='name'/></Relationships></Item>
  was obtained from cache
<Item type='ItemType' action='get' select='id'><name>Property</name><Relationships><Item type='Property' action='get' select='name'/><Item type='RelationshipType' action='get' select='name'/></Relationships></Item>
  was obtained from cache
<Item type='ItemType' action='get' select='id'><name>View</name><Relationships><Item type='Property' action='get' select='name'/><Item type='RelationshipType' action='get' select='name'/></Relationships></Item>
  was obtained from cache
<Item type='ItemType' action='get' select='id'><name>TOC Access</name><Relationships><Item type='Property' action='get' select='name'/><Item type='RelationshipType' action='get' select='name'/></Relationships></Item>
  was obtained from cache
checking for related items
<Item type='Form' action='get' levels='0'><id>0E61A202CA3D4BAB8D64ECFB5AE69869</id></Item>
checking for related items
<Item type='Identity' action='get' levels='0'><id>2618D6F5A90949BAA7E920D1B04C7EE1</id></Item>
   was obtained from cache
WARNING: The following portion of the AML 
<related_id keyed_name="CADIntegration_Changeflow_Pro" type="Form">0E61A202CA3D4BAB8D64ECFB5AE69869</related_id>
contains unresolved reference that will be tried to resolve at the end of the package import
************* End of reference checking ************
Item successfully applied(add)   id : C0EA6D805BEE4A94B0F725E4B279C8CE    keyed_name : CADIntegration_Changeflow_Pro    type : ItemType  
Adding item into PackageDefinition with id = C0EA6D805BEE4A94B0F725E4B279C8CE and type = ItemType
Item already exist in packdefinition  id  C0EA6D805BEE4A94B0F725E4B279C8CE type ItemType
Processing (add)   id : CB5C7DEB95F749709209FDB110717281    keyed_name : CADIntegration_Setting    type : ItemType  
********** Start of reference checking ************
checking item with get action:<Item type="Identity" action="get" select="id"><name>World</name></Item>
-> was obtained from cache
<Item type='ItemType' action='get' select='id'><name>ItemType</name><Relationships><Item type='Property' action='get' select='name'/><Item type='RelationshipType' action='get' select='name'/></Relationships></Item>
  was obtained from cache
<Item type='ItemType' action='get' select='id'><name>Property</name><Relationships><Item type='Property' action='get' select='name'/><Item type='RelationshipType' action='get' select='name'/></Relationships></Item>
  was obtained from cache
<Item type='ItemType' action='get' select='id'><name>Property</name><Relationships><Item type='Property' action='get' select='name'/><Item type='RelationshipType' action='get' select='name'/></Relationships></Item>
  was obtained from cache
<Item type='ItemType' action='get' select='id'><name>Property</name><Relationships><Item type='Property' action='get' select='name'/><Item type='RelationshipType' action='get' select='name'/></Relationships></Item>
  was obtained from cache
<Item type='ItemType' action='get' select='id'><name>Property</name><Relationships><Item type='Property' action='get' select='name'/><Item type='RelationshipType' action='get' select='name'/></Relationships></Item>
  was obtained from cache
<Item type='ItemType' action='get' select='id'><name>Property</name><Relationships><Item type='Property' action='get' select='name'/><Item type='RelationshipType' action='get' select='name'/></Relationships></Item>
  was obtained from cache
<Item type='ItemType' action='get' select='id'><name>View</name><Relationships><Item type='Property' action='get' select='name'/><Item type='RelationshipType' action='get' select='name'/></Relationships></Item>
  was obtained from cache
<Item type='ItemType' action='get' select='id'><name>TOC Access</name><Relationships><Item type='Property' action='get' select='name'/><Item type='RelationshipType' action='get' select='name'/></Relationships></Item>
  was obtained from cache
<Item type='ItemType' action='get' select='id'><name>TOC View</name><Relationships><Item type='Property' action='get' select='name'/><Item type='RelationshipType' action='get' select='name'/></Relationships></Item>
  was obtained from cache
<Item type='ItemType' action='get' select='id'><name>Can Add</name><Relationships><Item type='Property' action='get' select='name'/><Item type='RelationshipType' action='get' select='name'/></Relationships></Item>
  was obtained from cache
<Item type='ItemType' action='get' select='id'><name>Allowed Permission</name><Relationships><Item type='Property' action='get' select='name'/><Item type='RelationshipType' action='get' select='name'/></Relationships></Item>
  was obtained from cache
checking <data_source> reference to list/sequence
<Item action='get' type='list' select='id'><id>11A953CA5A5E4BCD8EC9758C7E4B6E92</id></Item>
  was obtained from cache
checking for related items
<Item type='Form' action='get' levels='0'><id>CCAB6AC74C414A4189089A6CC82467BF</id></Item>
   was obtained from server
checking for related items
<Item type='Identity' action='get' levels='0'><id>2618D6F5A90949BAA7E920D1B04C7EE1</id></Item>
   was obtained from cache
checking for related items
<Item type='Identity' action='get' levels='0'><id>2618D6F5A90949BAA7E920D1B04C7EE1</id></Item>
   was obtained from cache
checking for related items
<Item type='Identity' action='get' levels='0'><id>2618D6F5A90949BAA7E920D1B04C7EE1</id></Item>
   was obtained from cache
checking for related items
<Item type='Permission' action='get' levels='0'><id>9122CD065CF04141B8EFE263FC80BEA4</id></Item>
   was obtained from cache
************* End of reference checking ************
Item successfully applied(add)   id : CB5C7DEB95F749709209FDB110717281    keyed_name : CADIntegration_Setting    type : ItemType  
Adding item into PackageDefinition with id = CB5C7DEB95F749709209FDB110717281 and type = ItemType
Item already exist in packdefinition  id  CB5C7DEB95F749709209FDB110717281 type ItemType
Processing (edit)   id : CB5C7DEB95F749709209FDB110717281     type : ItemType  
********** Start of reference checking ************
<Item type='ItemType' action='get' select='id'><name>ItemType</name><Relationships><Item type='Property' action='get' select='name'/><Item type='RelationshipType' action='get' select='name'/></Relationships></Item>
  was obtained from cache
<Item type='ItemType' action='get' select='id'><name>Property</name><Relationships><Item type='Property' action='get' select='name'/><Item type='RelationshipType' action='get' select='name'/></Relationships></Item>
  was obtained from cache
<Item type='ItemType' action='get' select='id'><name>Property</name><Relationships><Item type='Property' action='get' select='name'/><Item type='RelationshipType' action='get' select='name'/></Relationships></Item>
  was obtained from cache
checking <data_source> reference to the ItemType
<Item type='ItemType' action='get' select='id'><name>Team</name></Item>
  was obtained from cache
************* End of reference checking ************
Item successfully applied(edit)   id : CB5C7DEB95F749709209FDB110717281     type : ItemType  
Processing (add)   id : A6CCAEC9FCCA4BF2AB608362AE22DCAD    keyed_name : CAD_Configuration    type : ItemType  
********** Start of reference checking ************
checking item with get action:<Item type="Identity" action="get" select="id"><name>World</name></Item>
-> was obtained from cache
checking item with get action:<Item type="Identity" action="get" select="id"><name>World</name></Item>
-> was obtained from cache
checking item with get action:<Item type="Identity" action="get" select="id"><name>World</name></Item>
-> was obtained from cache
<Item type='ItemType' action='get' select='id'><name>ItemType</name><Relationships><Item type='Property' action='get' select='name'/><Item type='RelationshipType' action='get' select='name'/></Relationships></Item>
  was obtained from cache
<Item type='ItemType' action='get' select='id'><name>View</name><Relationships><Item type='Property' action='get' select='name'/><Item type='RelationshipType' action='get' select='name'/></Relationships></Item>
  was obtained from cache
<Item type='ItemType' action='get' select='id'><name>TOC Access</name><Relationships><Item type='Property' action='get' select='name'/><Item type='RelationshipType' action='get' select='name'/></Relationships></Item>
  was obtained from cache
<Item type='ItemType' action='get' select='id'><name>TOC View</name><Relationships><Item type='Property' action='get' select='name'/><Item type='RelationshipType' action='get' select='name'/></Relationships></Item>
  was obtained from cache
<Item type='ItemType' action='get' select='id'><name>Can Add</name><Relationships><Item type='Property' action='get' select='name'/><Item type='RelationshipType' action='get' select='name'/></Relationships></Item>
  was obtained from cache
<Item type='ItemType' action='get' select='id'><name>Allowed Permission</name><Relationships><Item type='Property' action='get' select='name'/><Item type='RelationshipType' action='get' select='name'/></Relationships></Item>
  was obtained from cache
checking for related items
<Item type='Form' action='get' levels='0'><id>093303A04B0545BA9849B7231D3AD618</id></Item>
checking for related items
<Item type='Identity' action='get' levels='0'><id>2618D6F5A90949BAA7E920D1B04C7EE1</id></Item>
   was obtained from cache
checking for related items
<Item type='Permission' action='get' levels='0'><id>9122CD065CF04141B8EFE263FC80BEA4</id></Item>
   was obtained from cache
WARNING: The following portion of the AML 
<related_id keyed_name="CAD_Configuration" type="Form">093303A04B0545BA9849B7231D3AD618</related_id>
contains unresolved reference that will be tried to resolve at the end of the package import
************* End of reference checking ************
Item successfully applied(add)   id : A6CCAEC9FCCA4BF2AB608362AE22DCAD    keyed_name : CAD_Configuration    type : ItemType  
Adding item into PackageDefinition with id = A6CCAEC9FCCA4BF2AB608362AE22DCAD and type = ItemType
Item already exist in packdefinition  id  A6CCAEC9FCCA4BF2AB608362AE22DCAD type ItemType
Processing (edit)   id : A6CCAEC9FCCA4BF2AB608362AE22DCAD     type : ItemType  
********** Start of reference checking ************
<Item type='ItemType' action='get' select='id'><name>ItemType</name><Relationships><Item type='Property' action='get' select='name'/><Item type='RelationshipType' action='get' select='name'/></Relationships></Item>
  was obtained from cache
<Item type='ItemType' action='get' select='id'><name>Property</name><Relationships><Item type='Property' action='get' select='name'/><Item type='RelationshipType' action='get' select='name'/></Relationships></Item>
  was obtained from cache
<Item type='ItemType' action='get' select='id'><name>Property</name><Relationships><Item type='Property' action='get' select='name'/><Item type='RelationshipType' action='get' select='name'/></Relationships></Item>
  was obtained from cache
checking <data_source> reference to the ItemType
<Item type='ItemType' action='get' select='id'><name>CAD</name></Item>
  was obtained from cache
************* End of reference checking ************
Item successfully applied(edit)   id : A6CCAEC9FCCA4BF2AB608362AE22DCAD     type : ItemType  
Processing (add)   id : 381776C2671646739F6A4250BCB1F605    keyed_name : CAD_Configuration_List    type : ItemType  
********** Start of reference checking ************
<Item type='ItemType' action='get' select='id'><name>ItemType</name><Relationships><Item type='Property' action='get' select='name'/><Item type='RelationshipType' action='get' select='name'/></Relationships></Item>
  was obtained from cache
************* End of reference checking ************
Item successfully applied(add)   id : 381776C2671646739F6A4250BCB1F605    keyed_name : CAD_Configuration_List    type : ItemType  
Adding item into PackageDefinition with id = 381776C2671646739F6A4250BCB1F605 and type = ItemType
Item already exist in packdefinition  id  381776C2671646739F6A4250BCB1F605 type ItemType
Processing (add)   id : 5446D50A449E4EEE948494C1E98BFA58    keyed_name : MessageIntegration    type : ItemType  
********** Start of reference checking ************
checking item with get action:<Item type="Identity" action="get" select="id"><name>World</name></Item>
-> was obtained from cache
checking item with get action:<Item type="Identity" action="get" select="id"><name>World</name></Item>
-> was obtained from cache
<Item type='ItemType' action='get' select='id'><name>ItemType</name><Relationships><Item type='Property' action='get' select='name'/><Item type='RelationshipType' action='get' select='name'/></Relationships></Item>
  was obtained from cache
<Item type='ItemType' action='get' select='id'><name>Property</name><Relationships><Item type='Property' action='get' select='name'/><Item type='RelationshipType' action='get' select='name'/></Relationships></Item>
  was obtained from cache
<Item type='ItemType' action='get' select='id'><name>Property</name><Relationships><Item type='Property' action='get' select='name'/><Item type='RelationshipType' action='get' select='name'/></Relationships></Item>
  was obtained from cache
<Item type='ItemType' action='get' select='id'><name>Property</name><Relationships><Item type='Property' action='get' select='name'/><Item type='RelationshipType' action='get' select='name'/></Relationships></Item>
  was obtained from cache
<Item type='ItemType' action='get' select='id'><name>Property</name><Relationships><Item type='Property' action='get' select='name'/><Item type='RelationshipType' action='get' select='name'/></Relationships></Item>
  was obtained from cache
<Item type='ItemType' action='get' select='id'><name>Property</name><Relationships><Item type='Property' action='get' select='name'/><Item type='RelationshipType' action='get' select='name'/></Relationships></Item>
  was obtained from cache
<Item type='ItemType' action='get' select='id'><name>View</name><Relationships><Item type='Property' action='get' select='name'/><Item type='RelationshipType' action='get' select='name'/></Relationships></Item>
  was obtained from cache
<Item type='ItemType' action='get' select='id'><name>TOC Access</name><Relationships><Item type='Property' action='get' select='name'/><Item type='RelationshipType' action='get' select='name'/></Relationships></Item>
  was obtained from cache
<Item type='ItemType' action='get' select='id'><name>TOC View</name><Relationships><Item type='Property' action='get' select='name'/><Item type='RelationshipType' action='get' select='name'/></Relationships></Item>
  was obtained from cache
<Item type='ItemType' action='get' select='id'><name>Can Add</name><Relationships><Item type='Property' action='get' select='name'/><Item type='RelationshipType' action='get' select='name'/></Relationships></Item>
  was obtained from cache
<Item type='ItemType' action='get' select='id'><name>Allowed Permission</name><Relationships><Item type='Property' action='get' select='name'/><Item type='RelationshipType' action='get' select='name'/></Relationships></Item>
  was obtained from cache
checking for related items
<Item type='Form' action='get' levels='0'><id>C0F7F157845D47A3802FDC403B412C93</id></Item>
checking for related items
<Item type='Identity' action='get' levels='0'><id>2618D6F5A90949BAA7E920D1B04C7EE1</id></Item>
   was obtained from cache
checking for related items
<Item type='Identity' action='get' levels='0'><id>2618D6F5A90949BAA7E920D1B04C7EE1</id></Item>
   was obtained from cache
checking for related items
<Item type='Permission' action='get' levels='0'><id>9122CD065CF04141B8EFE263FC80BEA4</id></Item>
   was obtained from cache
WARNING: The following portion of the AML 
<related_id keyed_name="MessageIntegration" type="Form">C0F7F157845D47A3802FDC403B412C93</related_id>
contains unresolved reference that will be tried to resolve at the end of the package import
************* End of reference checking ************
Item successfully applied(add)   id : 5446D50A449E4EEE948494C1E98BFA58    keyed_name : MessageIntegration    type : ItemType  
Adding item into PackageDefinition with id = 5446D50A449E4EEE948494C1E98BFA58 and type = ItemType
Item already exist in packdefinition  id  5446D50A449E4EEE948494C1E98BFA58 type ItemType
Processing (edit)   id : 5446D50A449E4EEE948494C1E98BFA58     type : ItemType  
********** Start of reference checking ************
<Item type='ItemType' action='get' select='id'><name>ItemType</name><Relationships><Item type='Property' action='get' select='name'/><Item type='RelationshipType' action='get' select='name'/></Relationships></Item>
  was obtained from cache
<Item type='ItemType' action='get' select='id'><name>Property</name><Relationships><Item type='Property' action='get' select='name'/><Item type='RelationshipType' action='get' select='name'/></Relationships></Item>
  was obtained from cache
************* End of reference checking ************
Item successfully applied(edit)   id : 5446D50A449E4EEE948494C1E98BFA58     type : ItemType  
Processing (add)   id : 3A0B55355DB24C03AD7845E36D0AFC30    keyed_name : ProgramUpdate    type : ItemType  
********** Start of reference checking ************
checking item with get action:<Item type="Identity" action="get" select="id"><name>World</name></Item>
-> was obtained from cache
checking item with get action:<Item type="Identity" action="get" select="id"><name>Innovator Admin</name></Item>
-> was obtained from cache
checking item with get action:<Item type="Identity" action="get" select="id"><name>Innovator Admin</name></Item>
-> was obtained from cache
<Item type='ItemType' action='get' select='id'><name>ItemType</name><Relationships><Item type='Property' action='get' select='name'/><Item type='RelationshipType' action='get' select='name'/></Relationships></Item>
  was obtained from cache
<Item type='ItemType' action='get' select='id'><name>Property</name><Relationships><Item type='Property' action='get' select='name'/><Item type='RelationshipType' action='get' select='name'/></Relationships></Item>
  was obtained from cache
<Item type='ItemType' action='get' select='id'><name>Property</name><Relationships><Item type='Property' action='get' select='name'/><Item type='RelationshipType' action='get' select='name'/></Relationships></Item>
  was obtained from cache
<Item type='ItemType' action='get' select='id'><name>Property</name><Relationships><Item type='Property' action='get' select='name'/><Item type='RelationshipType' action='get' select='name'/></Relationships></Item>
  was obtained from cache
<Item type='ItemType' action='get' select='id'><name>Property</name><Relationships><Item type='Property' action='get' select='name'/><Item type='RelationshipType' action='get' select='name'/></Relationships></Item>
  was obtained from cache
<Item type='ItemType' action='get' select='id'><name>View</name><Relationships><Item type='Property' action='get' select='name'/><Item type='RelationshipType' action='get' select='name'/></Relationships></Item>
  was obtained from cache
<Item type='ItemType' action='get' select='id'><name>TOC Access</name><Relationships><Item type='Property' action='get' select='name'/><Item type='RelationshipType' action='get' select='name'/></Relationships></Item>
  was obtained from cache
<Item type='ItemType' action='get' select='id'><name>Can Add</name><Relationships><Item type='Property' action='get' select='name'/><Item type='RelationshipType' action='get' select='name'/></Relationships></Item>
  was obtained from cache
<Item type='ItemType' action='get' select='id'><name>Allowed Permission</name><Relationships><Item type='Property' action='get' select='name'/><Item type='RelationshipType' action='get' select='name'/></Relationships></Item>
  was obtained from cache
checking <data_source> reference to the ItemType
<Item type='ItemType' action='get' select='id'><name>File</name></Item>
  was obtained from cache
checking for related items
<Item type='Form' action='get' levels='0'><id>25029FE4C0A945E28C472F85E5AD07CD</id></Item>
   was obtained from server
checking for related items
<Item type='Permission' action='get' levels='0'><id>9122CD065CF04141B8EFE263FC80BEA4</id></Item>
   was obtained from cache
************* End of reference checking ************
Item successfully applied(add)   id : 3A0B55355DB24C03AD7845E36D0AFC30    keyed_name : ProgramUpdate    type : ItemType  
Adding item into PackageDefinition with id = 3A0B55355DB24C03AD7845E36D0AFC30 and type = ItemType
Item already exist in packdefinition  id  3A0B55355DB24C03AD7845E36D0AFC30 type ItemType
Processing (edit)   id : 3A0B55355DB24C03AD7845E36D0AFC30     type : ItemType  
********** Start of reference checking ************
<Item type='ItemType' action='get' select='id'><name>ItemType</name><Relationships><Item type='Property' action='get' select='name'/><Item type='RelationshipType' action='get' select='name'/></Relationships></Item>
  was obtained from cache
<Item type='ItemType' action='get' select='id'><name>Property</name><Relationships><Item type='Property' action='get' select='name'/><Item type='RelationshipType' action='get' select='name'/></Relationships></Item>
  was obtained from cache
************* End of reference checking ************
Item successfully applied(edit)   id : 3A0B55355DB24C03AD7845E36D0AFC30     type : ItemType  
Processing (add)   id : 07E49AC0013D42C198BB8B00C1BB6DF0    keyed_name : AutoCAD_PlotSetting    type : RelationshipType  
********** Start of reference checking ************
checking item with get action:<Item type="Identity" action="get" select="id"><name>World</name></Item>
-> was obtained from cache
<Item type='ItemType' action='get' select='id'><name>RelationshipType</name><Relationships><Item type='Property' action='get' select='name'/><Item type='RelationshipType' action='get' select='name'/></Relationships></Item>
  was obtained from server
checking for related items
<Item type='Form' action='get' levels='0'><id>5EF5A102A2B74B048467E3E70BCCCC5C</id></Item>
   was obtained from server
checking RelationshipType's source_id,related_id
<Item levels='0' action='get' type='ItemType'><id>CB5C7DEB95F749709209FDB110717281</id></Item>
  was obtained from server
************* End of reference checking ************
Item successfully applied(add)   id : 07E49AC0013D42C198BB8B00C1BB6DF0    keyed_name : AutoCAD_PlotSetting    type : RelationshipType  
Adding item into PackageDefinition with id = 07E49AC0013D42C198BB8B00C1BB6DF0 and type = RelationshipType
Item already exist in packdefinition  id  07E49AC0013D42C198BB8B00C1BB6DF0 type RelationshipType
Processing (add)   id : 5CDC101423E04493B311BA4506531F9C    keyed_name : CAD_Mapping_Properties    type : RelationshipType  
********** Start of reference checking ************
checking item with get action:<Item type="Identity" action="get" select="id"><name>World</name></Item>
-> was obtained from cache
checking item with get action:<Item type="Identity" action="get" select="id"><name>World</name></Item>
-> was obtained from cache
<Item type='ItemType' action='get' select='id'><name>RelationshipType</name><Relationships><Item type='Property' action='get' select='name'/><Item type='RelationshipType' action='get' select='name'/></Relationships></Item>
  was obtained from cache
checking for related items
<Item type='Form' action='get' levels='0'><id>4261EA69133449AFBE6C62834F19525A</id></Item>
   was obtained from server
checking for related items
<Item type='Identity' action='get' levels='0'><id>2618D6F5A90949BAA7E920D1B04C7EE1</id></Item>
   was obtained from cache
checking RelationshipType's source_id,related_id
<Item levels='0' action='get' type='ItemType'><id>CB5C7DEB95F749709209FDB110717281</id></Item>
  was obtained from cache
************* End of reference checking ************
Item successfully applied(add)   id : 5CDC101423E04493B311BA4506531F9C    keyed_name : CAD_Mapping_Properties    type : RelationshipType  
Adding item into PackageDefinition with id = 5CDC101423E04493B311BA4506531F9C and type = RelationshipType
Item already exist in packdefinition  id  5CDC101423E04493B311BA4506531F9C type RelationshipType
Processing (edit)   id : 9FEFBCE509164EAEAEA9935F9F1FCE38     type : ItemType  
********** Start of reference checking ************
<Item type='ItemType' action='get' select='id'><name>ItemType</name><Relationships><Item type='Property' action='get' select='name'/><Item type='RelationshipType' action='get' select='name'/></Relationships></Item>
  was obtained from cache
<Item type='ItemType' action='get' select='id'><name>Property</name><Relationships><Item type='Property' action='get' select='name'/><Item type='RelationshipType' action='get' select='name'/></Relationships></Item>
  was obtained from cache
************* End of reference checking ************
Item successfully applied(edit)   id : 9FEFBCE509164EAEAEA9935F9F1FCE38     type : ItemType  
Processing (add)   id : 7FF2384A47504929B93EF77C9E1ECE70    keyed_name : CAD_Result_Properties    type : RelationshipType  
********** Start of reference checking ************
checking item with get action:<Item type="Identity" action="get" select="id"><name>World</name></Item>
-> was obtained from cache
<Item type='ItemType' action='get' select='id'><name>RelationshipType</name><Relationships><Item type='Property' action='get' select='name'/><Item type='RelationshipType' action='get' select='name'/></Relationships></Item>
  was obtained from cache
checking <data_source> reference to the ItemType
<Item type='ItemType' action='get' select='id'><name>Property</name></Item>
  was obtained from server
checking for related items
<Item type='Form' action='get' levels='0'><id>A03037557DA44C83A33EA8583EC2CD2D</id></Item>
   was obtained from server
checking RelationshipType's source_id,related_id
<Item levels='0' action='get' type='ItemType'><id>CB5C7DEB95F749709209FDB110717281</id></Item>
  was obtained from cache
************* End of reference checking ************
Item successfully applied(add)   id : 7FF2384A47504929B93EF77C9E1ECE70    keyed_name : CAD_Result_Properties    type : RelationshipType  
Adding item into PackageDefinition with id = 7FF2384A47504929B93EF77C9E1ECE70 and type = RelationshipType
Item already exist in packdefinition  id  7FF2384A47504929B93EF77C9E1ECE70 type RelationshipType
Processing (edit)   id : B2F680F6DD7E423EADB02D90140FDFEC     type : Field  
********** Start of reference checking ************
checking item with get action:<Item type="Property" action="get" select="id"><name>classification</name><source_id type="ItemType" keyed_name="CADIntegration_Setting">CB5C7DEB95F749709209FDB110717281</source_id></Item>
-> was obtained from server
<Item type='ItemType' action='get' select='id'><name>Field</name><Relationships><Item type='Property' action='get' select='name'/><Item type='RelationshipType' action='get' select='name'/></Relationships></Item>
  was obtained from cache
************* End of reference checking ************
Item successfully applied(edit)   id : B2F680F6DD7E423EADB02D90140FDFEC     type : Field  
Processing (edit)   id : E8FA478C421A4F5E9118713293A18C2C     type : Field  
********** Start of reference checking ************
checking item with get action:<Item type="Property" action="get" select="id"><name>classification</name><source_id type="ItemType" keyed_name="CADIntegration_Admin">209F9EB0E3E1440FB6C93B6B44688888</source_id></Item>
-> was obtained from server
<Item type='ItemType' action='get' select='id'><name>Field</name><Relationships><Item type='Property' action='get' select='name'/><Item type='RelationshipType' action='get' select='name'/></Relationships></Item>
  was obtained from cache
************* End of reference checking ************
Item successfully applied(edit)   id : E8FA478C421A4F5E9118713293A18C2C     type : Field  
Processing (delete)     type : View  
********** Start of reference checking ************
************* End of reference checking ************
Item successfully applied(delete)     type : View  
Processing (delete)     type : Form  
********** Start of reference checking ************
************* End of reference checking ************
Item successfully applied(delete)     type : Form  
Processing (add)   id : 2A20A724F78B4BAB906F767DE43FD7F6    keyed_name : 2A20A724F78B4BAB906F767DE43FD7F6    type : Value  
********** Start of reference checking ************
<Item type='ItemType' action='get' select='id'><name>Value</name><Relationships><Item type='Property' action='get' select='name'/><Item type='RelationshipType' action='get' select='name'/></Relationships></Item>
  was obtained from server
************* End of reference checking ************
Item successfully applied(add)   id : 2A20A724F78B4BAB906F767DE43FD7F6    keyed_name : 2A20A724F78B4BAB906F767DE43FD7F6    type : Value  
Adding item into PackageDefinition with id = 2A20A724F78B4BAB906F767DE43FD7F6 and type = Value
Item already exist in packdefinition  id  2A20A724F78B4BAB906F767DE43FD7F6 type Value
Processing (add)   id : 71E53026DA6741A38741C3240F376C6A    keyed_name : 71E53026DA6741A38741C3240F376C6A    type : Value  
********** Start of reference checking ************
<Item type='ItemType' action='get' select='id'><name>Value</name><Relationships><Item type='Property' action='get' select='name'/><Item type='RelationshipType' action='get' select='name'/></Relationships></Item>
  was obtained from cache
************* End of reference checking ************
Item successfully applied(add)   id : 71E53026DA6741A38741C3240F376C6A    keyed_name : 71E53026DA6741A38741C3240F376C6A    type : Value  
Adding item into PackageDefinition with id = 71E53026DA6741A38741C3240F376C6A and type = Value
Item already exist in packdefinition  id  71E53026DA6741A38741C3240F376C6A type Value
Processing (add)   id : D5E6FAD349704AB8A919CA4A76AB19DA    keyed_name : D5E6FAD349704AB8A919CA4A76AB19DA    type : Value  
********** Start of reference checking ************
<Item type='ItemType' action='get' select='id'><name>Value</name><Relationships><Item type='Property' action='get' select='name'/><Item type='RelationshipType' action='get' select='name'/></Relationships></Item>
  was obtained from cache
************* End of reference checking ************
Item successfully applied(add)   id : D5E6FAD349704AB8A919CA4A76AB19DA    keyed_name : D5E6FAD349704AB8A919CA4A76AB19DA    type : Value  
Adding item into PackageDefinition with id = D5E6FAD349704AB8A919CA4A76AB19DA and type = Value
Item already exist in packdefinition  id  D5E6FAD349704AB8A919CA4A76AB19DA type Value
DELAYED RESOLUTION: applying AML <Item type='ItemType' id='9B03CC03CB2140658B09BEE47708BB76' action='edit' doGetItem='0' version='0'><Relationships><Item type="View" id="F53E14589AD943AE9B06312B1A777163" action="add"><client>js</client><related_id keyed_name="CADIntegration_ChangeFlow" type="Form">7263F16E548440918A3B613025EC467F</related_id><role keyed_name="World" type="Identity"><Item type="Identity" action="get" select="id"><name>World</name></Item></role><show_ssvc>0</show_ssvc><sort_order>128</sort_order><source_id keyed_name="CADIntegration_ChangeFlow" type="ItemType" name="C          ****ErrorMessage****
       UPDATE 陳述式與 FOREIGN KEY 條件約束 "FK__VIEW__RELATED_ID__0FD74C44" 衝突。衝突發生在資料庫 "CADTest"，資料表 "innovator.FORM", column 'ID'。
陳述式已經結束。 in SQL: 
UPDATE [VIEW]
SET[RELATED_ID] = @related_id
WHERE [ID] = @id
          ********************
